#
# A fatal error has been detected by the Java Runtime Environment:
#
#  EXCEPTION_ACCESS_VIOLATION (0xc0000005) at pc=0x00007ffb75c2b3c6, pid=11400, tid=4408
#
# JRE version: Java(TM) SE Runtime Environment (23.0.1+11) (build 23.0.1+11-39)
# Java VM: Java HotSpot(TM) 64-Bit Server VM (23.0.1+11-39, mixed mode, sharing, tiered, compressed oops, compressed class ptrs, g1 gc, windows-amd64)
# Problematic frame:
# C  [awt.dll+0xdb3c6]
#
# No core dump will be written. Minidumps are not enabled by default on client versions of Windows
#
# If you would like to submit a bug report, please visit:
#   https://bugreport.java.com/bugreport/crash.jsp
# The crash happened outside the Java Virtual Machine in native code.
# See problematic frame for where to report the bug.
#

---------------  S U M M A R Y ------------

Command Line: -Dfile.encoding=UTF-8 --module-path=C:\Users\kanis\OneDrive\Documents\NetBeansProjects\AirlineManagementSystem\build\classes airlinemanagementsystem.BoardingPass

Host: 11th Gen Intel(R) Core(TM) i5-11320H @ 3.20GHz, 8 cores, 15G,  Windows 11 , 64 bit Build 26100 (10.0.26100.3775)
Time: Tue Apr 15 17:17:12 2025 India Standard Time elapsed time: 1629.018534 seconds (0d 0h 27m 9s)

---------------  T H R E A D  ---------------

Current thread (0x000002284f06cb30):  JavaThread "AWT-EventQueue-0"        [_thread_in_native, id=4408, stack(0x0000008320f00000,0x0000008321000000) (1024K)]

Stack: [0x0000008320f00000,0x0000008321000000],  sp=0x0000008320ffedc0,  free space=1019k
Native frames: (J=compiled Java code, j=interpreted, Vv=VM code, C=native code)
C  [awt.dll+0xdb3c6]  (no source info available)
C  [awt.dll+0xdcc02]  (no source info available)
C  0x0000022877a3d307  (no source info available)

The last pc belongs to native method entry point (kind = native) (printed below).
Java frames: (J=compiled Java code, j=interpreted, Vv=VM code)
j  sun.awt.Win32GraphicsDevice.initNativeScale(I)V+0 java.desktop@23.0.1
j  sun.awt.Win32GraphicsDevice.initScaleFactors()V+60 java.desktop@23.0.1
j  sun.awt.Win32GraphicsDevice.displayChanged()V+16 java.desktop@23.0.1
j  sun.awt.Win32GraphicsEnvironment.displayChanged()V+271 java.desktop@23.0.1
j  sun.awt.windows.WToolkit.lambda$displayChanged$4()V+15 java.desktop@23.0.1
j  sun.awt.windows.WToolkit$$Lambda+0x000002280923f1f8.run()V+0 java.desktop@23.0.1
j  java.awt.event.InvocationEvent.dispatch()V+47 java.desktop@23.0.1
j  java.awt.EventQueue.dispatchEventImpl(Ljava/awt/AWTEvent;Ljava/lang/Object;)V+21 java.desktop@23.0.1
j  java.awt.EventQueue$4.run()Ljava/lang/Void;+32 java.desktop@23.0.1
j  java.awt.EventQueue$4.run()Ljava/lang/Object;+1 java.desktop@23.0.1
J 1861 c1 java.security.AccessController.doPrivileged(Ljava/security/PrivilegedAction;Ljava/security/AccessControlContext;)Ljava/lang/Object; java.base@23.0.1 (17 bytes) @ 0x000002287076696c [0x0000022870766780+0x00000000000001ec]
j  java.security.ProtectionDomain$JavaSecurityAccessImpl.doIntersectionPrivilege(Ljava/security/PrivilegedAction;Ljava/security/AccessControlContext;Ljava/security/AccessControlContext;)Ljava/lang/Object;+18 java.base@23.0.1
j  java.awt.EventQueue.dispatchEvent(Ljava/awt/AWTEvent;)V+46 java.desktop@23.0.1
j  java.awt.EventDispatchThread.pumpOneEventForFilters(I)V+81 java.desktop@23.0.1
j  java.awt.EventDispatchThread.pumpEventsForFilter(ILjava/awt/Conditional;Ljava/awt/EventFilter;)V+35 java.desktop@23.0.1
j  java.awt.EventDispatchThread.pumpEventsForHierarchy(ILjava/awt/Conditional;Ljava/awt/Component;)V+11 java.desktop@23.0.1
j  java.awt.EventDispatchThread.pumpEvents(ILjava/awt/Conditional;)V+4 java.desktop@23.0.1
j  java.awt.EventDispatchThread.pumpEvents(Ljava/awt/Conditional;)V+3 java.desktop@23.0.1
j  java.awt.EventDispatchThread.run()V+9 java.desktop@23.0.1
v  ~StubRoutines::call_stub 0x0000022877a30fcd

siginfo: EXCEPTION_ACCESS_VIOLATION (0xc0000005), reading address 0xffffffffffffffff


Registers:
RAX=0x0073007469617761, RBX=0x000002284ee640f0, RCX=0x0073007469617761, RDX=0x0000000000000000
RSP=0x0000008320ffedc0, RBP=0x0000008320ffeea0, RSI=0x0000000000000969, RDI=0x0000000000000000
R8 =0x0000000000000001, R9 =0x000000831f374000, R10=0x0000022877a3d2d8, R11=0x0000000000000100
R12=0x0000000000000000, R13=0x0000022849250ba8, R14=0x0000008320ffeec8, R15=0x000002284f06cb30
RIP=0x00007ffb75c2b3c6, EFLAGS=0x0000000000010206


Register to memory mapping:

RAX=0x0073007469617761 is an unknown value
RBX=0x000002284ee640f0 points into unknown readable memory: 0x000002284d733e80 | 80 3e 73 4d 28 02 00 00
RCX=0x0073007469617761 is an unknown value
RDX=0x0 is null
RSP=0x0000008320ffedc0 is pointing into the stack for thread: 0x000002284f06cb30
RBP=0x0000008320ffeea0 is pointing into the stack for thread: 0x000002284f06cb30
RSI=0x0000000000000969 is an unknown value
RDI=0x0 is null
R8 =0x0000000000000001 is an unknown value
R9 =0x000000831f374000 points into unknown readable memory: 0x0000000000000000 | 00 00 00 00 00 00 00 00
R10=0x0000022877a3d2d8 is at code_begin+1016 in an Interpreter codelet
native method entry point (kind = native)  [0x0000022877a3cee0, 0x0000022877a3db38]  3160 bytes
R11=0x0000000000000100 is an unknown value
R12=0x0 is null
R13={method} {0x0000022849250bb0} 'initNativeScale' '(I)V' in 'sun/awt/Win32GraphicsDevice'
R14=0x0000008320ffeec8 is pointing into the stack for thread: 0x000002284f06cb30
R15=0x000002284f06cb30 is a thread

Top of Stack: (sp=0x0000008320ffedc0)
0x0000008320ffedc0:   000002284ee640f0 0000000000000969
0x0000008320ffedd0:   000002280715d0a0 000002284ee640f0
0x0000008320ffede0:   000002284ee640f0 00007ffb75c2cc02
0x0000008320ffedf0:   00007ffb75c89838 0000022849250ba8
0x0000008320ffee00:   0000008320ffeeb0 0000022807020ab0
0x0000008320ffee10:   0000022877a3889a 0000022877a3d307
0x0000008320ffee20:   0000022849250ba8 0000008320ffef40
0x0000008320ffee30:   000002284f06cb30 0000022877a3889a
0x0000008320ffee40:   0000000000000969 00007ffb9f8b3c49
0x0000008320ffee50:   0000008320ffef90 fffffffffffffff7
0x0000008320ffee60:   0000000000000000 0000000000000005
0x0000008320ffee70:   00000228492542a0 0000000000000000
0x0000008320ffee80:   000000070410e438 0000022849250ba8
0x0000008320ffee90:   0000000000000000 0000008320ffeec0
0x0000008320ffeea0:   0000008320ffef18 0000022877a38700
0x0000008320ffeeb0:   0000000000000000 0000022877a3a5d7
0x0000008320ffeec0:   0000000000000000 000000071203c0f0
0x0000008320ffeed0:   fffffffffffffff7 00000228492511fc
0x0000008320ffeee0:   0000000000000002 00000228492542a0
0x0000008320ffeef0:   0000000000000000 000000070410e438
0x0000008320ffef00:   0000022849251248 fffffffffffffff5
0x0000008320ffef10:   0000008320ffef28 0000008320ffef78
0x0000008320ffef20:   0000022877a38700 000000071203c0f0
0x0000008320ffef30:   fffffffffffffff7 0000022849252ac0
0x0000008320ffef40:   0000000000000003 00000228492542a0
0x0000008320ffef50:   0000000000000000 000000070410e438
0x0000008320ffef60:   0000022849252b08 fffffffffffffff6
0x0000008320ffef70:   0000008320ffef90 0000008320ffefe0
0x0000008320ffef80:   0000022877a38700 0000000000000000
0x0000008320ffef90:   000000071203c0f0 fffffffffffffff7
0x0000008320ffefa0:   00000228491aca8f 0000000000000008
0x0000008320ffefb0:   00000228491b0d18 0000000000000000 

Instructions: (pc=0x00007ffb75c2b3c6)
0x00007ffb75c2b2c6:   11 45 d4 0f 11 45 e4 0f 11 45 f4 89 45 04 c7 45
0x00007ffb75c2b2d6:   a0 68 00 00 00 0f 11 44 24 34 0f 11 44 24 44 0f
0x00007ffb75c2b2e6:   11 44 24 54 0f 11 44 24 64 0f 11 44 24 74 0f 11
0x00007ffb75c2b2f6:   45 84 89 45 94 c7 44 24 30 68 00 00 00 48 8d 55
0x00007ffb75c2b306:   a0 49 8b ce ff 15 08 76 06 00 85 c0 74 41 48 8d
0x00007ffb75c2b316:   54 24 30 48 8b ce ff 15 f6 75 06 00 85 c0 74 2f
0x00007ffb75c2b326:   48 8d 54 24 34 48 8d 4d a4 ff 15 0b 75 06 00 85
0x00007ffb75c2b336:   c0 74 1c 48 8d 54 24 44 48 8d 4d b4 ff 15 f8 74
0x00007ffb75c2b346:   06 00 85 c0 74 09 8b 44 24 54 39 45 c4 74 11 ff
0x00007ffb75c2b356:   c7 3b 7b 0c 0f 8c 40 ff ff ff 8b 3d 1a b0 06 00
0x00007ffb75c2b366:   48 8b cb e8 f2 ca f4 ff 90 8b c7 48 8b 4d 10 48
0x00007ffb75c2b376:   33 cc e8 93 01 01 00 4c 8d 9c 24 20 01 00 00 49
0x00007ffb75c2b386:   8b 5b 28 49 8b 73 30 49 8b e3 41 5e 5f 5d c3 cc
0x00007ffb75c2b396:   cc cc cc cc cc cc cc cc cc cc 48 8b 41 08 48 8b
0x00007ffb75c2b3a6:   80 18 0c 00 00 c3 cc cc cc cc 48 8b 41 08 48 05
0x00007ffb75c2b3b6:   00 04 00 00 c3 cc cc cc cc cc 40 53 48 83 ec 20
0x00007ffb75c2b3c6:   83 79 50 00 48 8b d9 75 56 48 8b 49 28 4c 8d 44
0x00007ffb75c2b3d6:   24 38 48 8d 54 24 30 c7 44 24 30 00 00 80 bf c7
0x00007ffb75c2b3e6:   44 24 38 00 00 80 bf e8 1e e1 00 00 f3 0f 10 54
0x00007ffb75c2b3f6:   24 30 0f 57 c0 0f 2f d0 76 25 f3 0f 10 4c 24 38
0x00007ffb75c2b406:   0f 2f c8 76 1a f3 0f 5e 15 f9 a8 02 00 f3 0f 5e
0x00007ffb75c2b416:   0d f1 a8 02 00 f3 0f 11 53 48 f3 0f 11 4b 4c 48
0x00007ffb75c2b426:   83 c4 20 5b c3 cc cc cc cc cc 48 89 5c 24 10 48
0x00007ffb75c2b436:   89 74 24 18 57 41 56 41 57 48 83 ec 40 48 8b d9
0x00007ffb75c2b446:   48 83 79 18 00 75 14 b9 28 04 00 00 e8 19 97 00
0x00007ffb75c2b456:   00 48 89 43 18 c7 00 28 00 00 00 48 8b 43 18 33
0x00007ffb75c2b466:   ff 66 89 78 0e 48 8b 4b 28 e8 5c 03 00 00 48 8b
0x00007ffb75c2b476:   f0 41 bf 01 00 00 00 45 8b c7 41 8b d7 48 8b c8
0x00007ffb75c2b486:   ff 15 34 71 06 00 4c 8b f0 89 7c 24 30 48 8b 4b
0x00007ffb75c2b496:   18 48 89 4c 24 28 48 89 7c 24 20 45 8b cf 45 33
0x00007ffb75c2b4a6:   c0 48 8b d0 48 8b ce ff 15 2d 70 06 00 48 8b 53
0x00007ffb75c2b4b6:   30 48 8b 0b 8b 05 c4 ae 06 00 83 79 04 08 0f 8e 


Stack slot to memory mapping:

stack at sp + 0 slots: 0x000002284ee640f0 points into unknown readable memory: 0x000002284d733e80 | 80 3e 73 4d 28 02 00 00
stack at sp + 1 slots: 0x0000000000000969 is an unknown value
stack at sp + 2 slots: 0x000002280715d0a0 points into unknown readable memory: 0x00007ffb9fbfd480 | 80 d4 bf 9f fb 7f 00 00
stack at sp + 3 slots: 0x000002284ee640f0 points into unknown readable memory: 0x000002284d733e80 | 80 3e 73 4d 28 02 00 00
stack at sp + 4 slots: 0x000002284ee640f0 points into unknown readable memory: 0x000002284d733e80 | 80 3e 73 4d 28 02 00 00
stack at sp + 5 slots: 0x00007ffb75c2cc02 awt.dll
stack at sp + 6 slots: 0x00007ffb75c89838 awt.dll
stack at sp + 7 slots: {method} {0x0000022849250bb0} 'initNativeScale' '(I)V' in 'sun/awt/Win32GraphicsDevice'

Lock stack of current Java thread (top to bottom):

native method entry point (kind = native)  [0x0000022877a3cee0, 0x0000022877a3db38]  3160 bytes
[MachCode]
  0x0000022877a3cee0: 488b 4b08 | 0fb7 492e | 584c 8d74 | ccf8 6800 | 0000 0068 | 0000 0000 | 5055 488b | ec41 5568 
  0x0000022877a3cf00: 0000 0000 | 4c8b 6b08 | 4d8d 6d38 | 5348 8b53 | 0848 8b52 | 0848 8b52 | 1848 8b52 | 7048 8b12 
  0x0000022877a3cf20: 5248 8b53 | 1048 85d2 | 0f84 0700 | 0000 4881 | c210 0100 | 0052 488b | 5308 488b | 5208 488b 
  0x0000022877a3cf40: 5210 5249 | 8bc6 482b | c548 c1e8 | 0350 6800 | 0000 0068 | f7ff ffff | 41c6 8771 | 0400 0001 
  0x0000022877a3cf60: 488b 4310 | 4885 c074 | 208b 88cc | 0000 0083 | c102 8988 | cc00 0000 | 2388 e000 | 0000 0f84 
  0x0000022877a3cf80: 000b 0000 | e9cf 0000 | 0048 8b43 | 1848 85c0 | 0f85 b000 | 0000 e805 | 0000 00e9 | 9900 0000 
  0x0000022877a3cfa0: 488b d348 | 8d44 2408 | 4c89 6dc0 | 498b cfc5 | f877 4989 | afb0 0300 | 0049 8987 | a003 0000 
  0x0000022877a3cfc0: 4883 ec20 | 40f6 c40f | 0f84 1900 | 0000 4883 | ec08 48b8 | 9026 5f9f | fb7f 0000 | ffd0 4883 
  0x0000022877a3cfe0: c408 e90c | 0000 0048 | b890 265f | 9ffb 7f00 | 00ff d048 | 83c4 2049 | c787 a003 | 0000 0000 
  0x0000022877a3d000: 0000 49c7 | 87b0 0300 | 0000 0000 | 0049 c787 | a803 0000 | 0000 0000 | c5f8 7749 | 837f 0800 
  0x0000022877a3d020: 0f84 0500 | 0000 e995 | 3eff ff4c | 8b6d c04c | 8b75 c84e | 8d74 f500 | c348 8b43 | 1848 85c0 
  0x0000022877a3d040: 0f84 1200 | 0000 8b48 | 0883 c102 | 8948 0823 | 481c 0f84 | 2c0a 0000 | 493b a7e8 | 0400 000f 
  0x0000022877a3d060: 8748 0000 | 0089 8424 | 00f0 ffff | 8984 2400 | e0ff ff89 | 8424 00d0 | ffff 8984 | 2400 c0ff 
  0x0000022877a3d080: ff89 8424 | 00b0 ffff | 8984 2400 | a0ff ff89 | 8424 0090 | ffff 8984 | 2400 80ff | ff49 3ba7 
  0x0000022877a3d0a0: e004 0000 | 7607 4989 | a7e8 0400 | 0041 c687 | 7104 0000 | 0049 ba41 | ade6 9ffb | 7f00 0041 
  0x0000022877a3d0c0: 803a 000f | 843e 0000 | 0048 8b55 | e849 8bcf | 4883 ec20 | 40f6 c40f | 0f84 1900 | 0000 4883 
  0x0000022877a3d0e0: ec08 48b8 | 10ee 969f | fb7f 0000 | ffd0 4883 | c408 e90c | 0000 0048 | b810 ee96 | 9ffb 7f00 
  0x0000022877a3d100: 00ff d048 | 83c4 2048 | 8b5d e84c | 8b5b 0845 | 0fb7 5b2e | 41c1 e303 | 492b e348 | 83ec 2048 
  0x0000022877a3d120: 83e4 f04c | 8b5b 604d | 85db 0f85 | ab00 0000 | e805 0000 | 00e9 9900 | 0000 488b | d348 8d44 
  0x0000022877a3d140: 2408 4c89 | 6dc0 498b | cfc5 f877 | 4989 afb0 | 0300 0049 | 8987 a003 | 0000 4883 | ec20 40f6 
  0x0000022877a3d160: c40f 0f84 | 1900 0000 | 4883 ec08 | 48b8 f04d | 5f9f fb7f | 0000 ffd0 | 4883 c408 | e90c 0000 
  0x0000022877a3d180: 0048 b8f0 | 4d5f 9ffb | 7f00 00ff | d048 83c4 | 2049 c787 | a003 0000 | 0000 0000 | 49c7 87b0 
  0x0000022877a3d1a0: 0300 0000 | 0000 0049 | c787 a803 | 0000 0000 | 0000 c5f8 | 7749 837f | 0800 0f84 | 0500 0000 
  0x0000022877a3d1c0: e9fb 3cff | ff4c 8b6d | c04c 8b75 | c84e 8d74 | f500 c348 | 8b5d e84c | 8b5b 6041 | ffd3 488b 
  0x0000022877a3d1e0: 5de8 4889 | 4518 448b | 5b28 41f6 | c308 0f84 | 1b00 0000 | 4c8b 5b08 | 4d8b 5b08 | 4d8b 5b18 
  0x0000022877a3d200: 4d8b 5b70 | 4d8b 1b4c | 895d 1048 | 8d55 1048 | 8b43 5849 | ba60 3c97 | 9ffb 7f00 | 0049 3bc2 
  0x0000022877a3d220: 0f85 ab00 | 0000 e805 | 0000 00e9 | 9900 0000 | 488b d348 | 8d44 2408 | 4c89 6dc0 | 498b cfc5 
  0x0000022877a3d240: f877 4989 | afb0 0300 | 0049 8987 | a003 0000 | 4883 ec20 | 40f6 c40f | 0f84 1900 | 0000 4883 
  0x0000022877a3d260: ec08 48b8 | f04d 5f9f | fb7f 0000 | ffd0 4883 | c408 e90c | 0000 0048 | b8f0 4d5f | 9ffb 7f00 
  0x0000022877a3d280: 00ff d048 | 83c4 2049 | c787 a003 | 0000 0000 | 0000 49c7 | 87b0 0300 | 0000 0000 | 0049 c787 
  0x0000022877a3d2a0: a803 0000 | 0000 0000 | c5f8 7749 | 837f 0800 | 0f84 0500 | 0000 e905 | 3cff ff4c | 8b6d c04c 
  0x0000022877a3d2c0: 8b75 c84e | 8d74 f500 | c348 8b5d | e848 8b43 | 5849 8d8f | c003 0000 | c5f8 7749 | 89af b003 
  0x0000022877a3d2e0: 0000 49ba | d8d2 a377 | 2802 0000 | 4d89 97a8 | 0300 0049 | 89a7 a003 | 0000 41c7 | 8744 0400 
  0x0000022877a3d300: 0004 0000 | 00ff d0c5 | f877 4883 | ec10 c5fb | 1104 2448 | 83ec 1048 | 8904 2448 | c744 2408 
  0x0000022877a3d320: 0000 0000 | 41c7 8744 | 0400 0005 | 0000 00f0 | 8344 24c0 | 0049 3baf | 4804 0000 | 0f87 0e00 
  0x0000022877a3d340: 0000 4183 | bf40 0400 | 0000 0f84 | 2000 0000 | 498b cf4c | 8be4 4883 | ec20 4883 | e4f0 48b8 
  0x0000022877a3d360: 90a9 609f | fb7f 0000 | ffd0 498b | e44d 33e4 | 41c7 8744 | 0400 0008 | 0000 0049 | c787 a003 
  0x0000022877a3d380: 0000 0000 | 0000 49c7 | 87b0 0300 | 0000 0000 | 0049 c787 | a803 0000 | 0000 0000 | c5f8 774d 
  0x0000022877a3d3a0: 8b9f 3004 | 0000 41c7 | 8300 0100 | 0000 0000 | 0049 bbda | a5a3 7728 | 0200 004c | 3b5d 180f 
  0x0000022877a3d3c0: 8524 0300 | 0048 8b04 | 2448 83c4 | 1048 85c0 | 0f84 fe02 | 0000 a803 | 0f85 0800 | 0000 488b 
  0x0000022877a3d3e0: 00e9 ee02 | 0000 a801 | 0f85 0900 | 0000 488b | 40fe e9dd | 0200 0048 | 8b40 ff41 | 807f 3800 
  0x0000022877a3d400: 0f84 ce02 | 0000 4883 | f800 0f84 | c402 0000 | 4d8b 5f28 | 4983 fb00 | 0f84 1400 | 0000 4983 
  0x0000022877a3d420: eb08 4d89 | 5f28 4d03 | 5f30 4989 | 03e9 a202 | 0000 4881 | ec50 0100 | 0048 8904 | 2448 894c 
  0x0000022877a3d440: 2408 4889 | 5424 1048 | 8974 2418 | 4889 7c24 | 204c 8944 | 2428 4c89 | 4c24 304c | 8954 2438 
  0x0000022877a3d460: 4c89 5c24 | 40c5 fb11 | 4424 50c5 | fb11 4c24 | 58c5 fb11 | 5424 60c5 | fb11 5c24 | 68c5 fb11 
  0x0000022877a3d480: 6424 70c5 | fb11 6c24 | 78c5 fb11 | b424 8000 | 0000 c5fb | 11bc 2488 | 0000 00c5 | 7b11 8424 
  0x0000022877a3d4a0: 9000 0000 | c57b 118c | 2498 0000 | 00c5 7b11 | 9424 a000 | 0000 c57b | 119c 24a8 | 0000 00c5 
  0x0000022877a3d4c0: 7b11 a424 | b000 0000 | c57b 11ac | 24b8 0000 | 00c5 7b11 | b424 c000 | 0000 c57b | 11bc 24c8 
  0x0000022877a3d4e0: 0000 0062 | e1ff 0811 | 4424 1a62 | e1ff 0811 | 4c24 1b62 | e1ff 0811 | 5424 1c62 | e1ff 0811 
  0x0000022877a3d500: 5c24 1d62 | e1ff 0811 | 6424 1e62 | e1ff 0811 | 6c24 1f62 | e1ff 0811 | 7424 2062 | e1ff 0811 
  0x0000022877a3d520: 7c24 2162 | 61ff 0811 | 4424 2262 | 61ff 0811 | 4c24 2362 | 61ff 0811 | 5424 2462 | 61ff 0811 
  0x0000022877a3d540: 5c24 2562 | 61ff 0811 | 6424 2662 | 61ff 0811 | 6c24 2762 | 61ff 0811 | 7424 2862 | 61ff 0811 
  0x0000022877a3d560: 7c24 2949 | 8bd7 488b | c848 83ec | 2040 f6c4 | 0f0f 8419 | 0000 0048 | 83ec 0848 | b8e0 0754 
  0x0000022877a3d580: 9ffb 7f00 | 00ff d048 | 83c4 08e9 | 0c00 0000 | 48b8 e007 | 549f fb7f | 0000 ffd0 | 4883 c420 
  0x0000022877a3d5a0: 6261 ff08 | 107c 2429 | 6261 ff08 | 1074 2428 | 6261 ff08 | 106c 2427 | 6261 ff08 | 1064 2426 
  0x0000022877a3d5c0: 6261 ff08 | 105c 2425 | 6261 ff08 | 1054 2424 | 6261 ff08 | 104c 2423 | 6261 ff08 | 1044 2422 
  0x0000022877a3d5e0: 62e1 ff08 | 107c 2421 | 62e1 ff08 | 1074 2420 | 62e1 ff08 | 106c 241f | 62e1 ff08 | 1064 241e 
  0x0000022877a3d600: 62e1 ff08 | 105c 241d | 62e1 ff08 | 1054 241c | 62e1 ff08 | 104c 241b | 62e1 ff08 | 1044 241a 
  0x0000022877a3d620: c57b 10bc | 24c8 0000 | 00c5 7b10 | b424 c000 | 0000 c57b | 10ac 24b8 | 0000 00c5 | 7b10 a424 
  0x0000022877a3d640: b000 0000 | c57b 109c | 24a8 0000 | 00c5 7b10 | 9424 a000 | 0000 c57b | 108c 2498 | 0000 00c5 
  0x0000022877a3d660: 7b10 8424 | 9000 0000 | c5fb 10bc | 2488 0000 | 00c5 fb10 | b424 8000 | 0000 c5fb | 106c 2478 
  0x0000022877a3d680: c5fb 1064 | 2470 c5fb | 105c 2468 | c5fb 1054 | 2460 c5fb | 104c 2458 | c5fb 1044 | 2450 4c8b 
  0x0000022877a3d6a0: 5c24 404c | 8b54 2438 | 4c8b 4c24 | 304c 8b44 | 2428 488b | 7c24 2048 | 8b74 2418 | 488b 5424 
  0x0000022877a3d6c0: 1048 8b4c | 2408 488b | 0424 4881 | c450 0100 | 00c5 f877 | 4889 4510 | 4883 ec10 | 4889 0424 
  0x0000022877a3d6e0: 48c7 4424 | 0800 0000 | 0041 83bf | c804 0000 | 020f 85bf | 0000 0048 | 81ec 8000 | 0000 4889 
  0x0000022877a3d700: 4424 7848 | 894c 2470 | 4889 5424 | 6848 895c | 2460 4889 | 6c24 5048 | 8974 2448 | 4889 7c24 
  0x0000022877a3d720: 404c 8944 | 2438 4c89 | 4c24 304c | 8954 2428 | 4c89 5c24 | 204c 8964 | 2418 4c89 | 6c24 104c 
  0x0000022877a3d740: 8974 2408 | 4c89 3c24 | 4c8b e448 | 83ec 2048 | 83e4 f048 | b8c0 2297 | 9ffb 7f00 | 00ff d049 
  0x0000022877a3d760: 8be4 4c8b | 3c24 4c8b | 7424 084c | 8b6c 2410 | 4c8b 6424 | 184c 8b5c | 2420 4c8b | 5424 284c 
  0x0000022877a3d780: 8b4c 2430 | 4c8b 4424 | 3848 8b7c | 2440 488b | 7424 4848 | 8b6c 2450 | 488b 5c24 | 6048 8b54 
  0x0000022877a3d7a0: 2468 488b | 4c24 7048 | 8b44 2478 | 4881 c480 | 0000 004d | 33e4 488b | 5de8 4c8b | 6b08 4d8d 
  0x0000022877a3d7c0: 6d38 4983 | 7f08 000f | 84bb 0000 | 00e8 0500 | 0000 e996 | 0000 0048 | 8d44 2408 | 4c89 6dc0 
  0x0000022877a3d7e0: 498b cfc5 | f877 4989 | afb0 0300 | 0049 8987 | a003 0000 | 4883 ec20 | 40f6 c40f | 0f84 1900 
  0x0000022877a3d800: 0000 4883 | ec08 48b8 | 006c 5f9f | fb7f 0000 | ffd0 4883 | c408 e90c | 0000 0048 | b800 6c5f 
  0x0000022877a3d820: 9ffb 7f00 | 00ff d048 | 83c4 2049 | c787 a003 | 0000 0000 | 0000 49c7 | 87b0 0300 | 0000 0000 
  0x0000022877a3d840: 0049 c787 | a803 0000 | 0000 0000 | c5f8 7749 | 837f 0800 | 0f84 0500 | 0000 e961 | 36ff ff4c 
  0x0000022877a3d860: 8b6d c04c | 8b75 c84e | 8d74 f500 | c348 b940 | d5be 9ffb | 7f00 0048 | 83e4 f048 | b870 4a85 
  0x0000022877a3d880: 9ffb 7f00 | 00ff d0f4 | 448b 5b28 | 41f6 c320 | 0f84 7901 | 0000 488d | 55a8 4c8b | 5a08 4d85 
  0x0000022877a3d8a0: db0f 85bb | 0000 00e8 | 0500 0000 | e996 0000 | 0048 8d44 | 2408 4c89 | 6dc0 498b | cfc5 f877 
  0x0000022877a3d8c0: 4989 afb0 | 0300 0049 | 8987 a003 | 0000 4883 | ec20 40f6 | c40f 0f84 | 1900 0000 | 4883 ec08 
  0x0000022877a3d8e0: 48b8 306b | 5f9f fb7f | 0000 ffd0 | 4883 c408 | e90c 0000 | 0048 b830 | 6b5f 9ffb | 7f00 00ff 
  0x0000022877a3d900: d048 83c4 | 2049 c787 | a003 0000 | 0000 0000 | 49c7 87b0 | 0300 0000 | 0000 0049 | c787 a803 
  0x0000022877a3d920: 0000 0000 | 0000 c5f8 | 7749 837f | 0800 0f84 | 0500 0000 | e987 35ff | ff4c 8b6d | c04c 8b75 
  0x0000022877a3d940: c84e 8d74 | f500 c348 | b940 d5be | 9ffb 7f00 | 0048 83e4 | f048 b870 | 4a85 9ffb | 7f00 00ff 
  0x0000022877a3d960: d0f4 4c89 | 6dc0 4c8b | 4a08 48c7 | 4208 0000 | 0000 458b | 8718 0600 | 004f 3b4c | 07f8 0f85 
  0x0000022877a3d980: 4900 0000 | 4183 af18 | 0600 0008 | 4f3b 4c07 | f00f 842a | 0000 0049 | 8b01 a802 | 0f85 1200 
  0x0000022877a3d9a0: 0000 4c8b | c049 83c8 | 01f0 4d0f | b101 0f84 | 0d00 0000 | 4183 8718 | 0600 0008 | e90c 0000 
  0x0000022877a3d9c0: 0049 ff8f | 5005 0000 | e93e 0000 | 004c 894a | 0848 8bca | 4883 ec20 | 40f6 c40f | 0f84 1900 
  0x0000022877a3d9e0: 0000 4883 | ec08 48b8 | f03d 5f9f | fb7f 0000 | ffd0 4883 | c408 e90c | 0000 0048 | b8f0 3d5f 
  0x0000022877a3da00: 9ffb 7f00 | 00ff d048 | 83c4 204c | 8b6d c049 | ba41 ade6 | 9ffb 7f00 | 0041 803a | 000f 843e 
  0x0000022877a3da20: 0000 0048 | 8b55 e849 | 8bcf 4883 | ec20 40f6 | c40f 0f84 | 1900 0000 | 4883 ec08 | 48b8 10ee 
  0x0000022877a3da40: 969f fb7f | 0000 ffd0 | 4883 c408 | e90c 0000 | 0048 b810 | ee96 9ffb | 7f00 00ff | d048 83c4 
  0x0000022877a3da60: 2048 8b04 | 2448 83c4 | 10c5 fb10 | 0424 4883 | c410 4c8b | 5d18 41ff | d34c 8b5d | f8c9 5f49 
  0x0000022877a3da80: 8be3 ffe7 | ba00 0000 | 00e8 0500 | 0000 e996 | 0000 0048 | 8d44 2408 | 4c89 6dc0 | 498b cfc5 
  0x0000022877a3daa0: f877 4989 | afb0 0300 | 0049 8987 | a003 0000 | 4883 ec20 | 40f6 c40f | 0f84 1900 | 0000 4883 
  0x0000022877a3dac0: ec08 48b8 | a031 5f9f | fb7f 0000 | ffd0 4883 | c408 e90c | 0000 0048 | b8a0 315f | 9ffb 7f00 
  0x0000022877a3dae0: 00ff d048 | 83c4 2049 | c787 a003 | 0000 0000 | 0000 49c7 | 87b0 0300 | 0000 0000 | 0049 c787 
  0x0000022877a3db00: a803 0000 | 0000 0000 | c5f8 7749 | 837f 0800 | 0f84 0500 | 0000 e9a5 | 33ff ff4c | 8b6d c04c 
  0x0000022877a3db20: 8b75 c84e | 8d74 f500 | c348 8b5d | e8e9 26f5 | ffff 660f | 1f44 0000 
[/MachCode]

Compiled method (c1) 1629213 1861       3       java.security.AccessController::doPrivileged (17 bytes)
 total in heap  [0x0000022870766608,0x0000022870766b90] = 1416
 relocation     [0x00000228707666e0,0x0000022870766778] = 152
 main code      [0x0000022870766780,0x0000022870766b00] = 896
 stub code      [0x0000022870766b00,0x0000022870766b78] = 120
 metadata       [0x0000022870766b78,0x0000022870766b90] = 24
 immutable data [0x000002284d473ec0,0x000002284d474058] = 408
 dependencies   [0x000002284d473ec0,0x000002284d473ec8] = 8
 nul chk table  [0x000002284d473ec8,0x000002284d473ed8] = 16
 scopes pcs     [0x000002284d473ed8,0x000002284d473f98] = 192
 scopes data    [0x000002284d473f98,0x000002284d474058] = 192

[Constant Pool (empty)]

[MachCode]
[Verified Entry Point]
  # {method} {0x000002280849b040} 'doPrivileged' '(Ljava/security/PrivilegedAction;Ljava/security/AccessControlContext;)Ljava/lang/Object;' in 'java/security/AccessController'
  # parm0:    rdx:rdx   = 'java/security/PrivilegedAction'
  # parm1:    r8:r8     = 'java/security/AccessControlContext'
  #           [sp+0x80]  (sp of caller)
  0x0000022870766780: 8984 2400 | 80ff ff55 | 4883 ec70 | 4181 7f20 | 0100 0000 

  0x0000022870766794: ;   {runtime_call StubRoutines (final stubs)}
  0x0000022870766794: 7405 e8c5 

  0x0000022870766798: ;   {metadata(method data for {method} {0x000002280849b040} 'doPrivileged' '(Ljava/security/PrivilegedAction;Ljava/security/AccessControlContext;)Ljava/lang/Object;' in 'java/security/AccessController')}
  0x0000022870766798: 3b30 0748 | be88 46f0 | 4928 0200 | 008b becc | 0000 0083 | c702 89be | cc00 0000 | 81e7 fe07 
  0x00000228707667b8: 0000 85ff | 0f84 7402 | 0000 4c89 | 4424 4048 | 8954 2448 

  0x00000228707667cc: ;   {metadata(method data for {method} {0x000002280849b040} 'doPrivileged' '(Ljava/security/PrivilegedAction;Ljava/security/AccessControlContext;)Ljava/lang/Object;' in 'java/security/AccessController')}
  0x00000228707667cc: 48be 8846 | f049 2802 | 0000 4883 | 8618 0100 

  0x00000228707667dc: ;   {static_call}
  0x00000228707667dc: 0001 90e8 

  0x00000228707667e0: ; ImmutableOopMap {[64]=Oop [72]=Oop }
                      ;*invokestatic getCallerClass {reexecute=0 rethrow=0 return_oop=0}
                      ; - java.security.AccessController::doPrivileged@0 (line 398)
  0x00000228707667e0: ccd0 8707 

  0x00000228707667e4: ;   {other}
  0x00000228707667e4: 0f1f 8400 | dc01 0000 | 4889 4424 

  0x00000228707667f0: ;   {metadata(method data for {method} {0x000002280849b040} 'doPrivileged' '(Ljava/security/PrivilegedAction;Ljava/security/AccessControlContext;)Ljava/lang/Object;' in 'java/security/AccessController')}
  0x00000228707667f0: 5048 ba88 | 46f0 4928 | 0200 0048 | 8382 2801 | 0000 0148 | 8b54 2440 | 4c8b c00f 

  0x000002287076680c: ;   {static_call}
  0x000002287076680c: 1f40 00e8 

  0x0000022870766810: ; ImmutableOopMap {[72]=Oop [80]=Oop }
                      ;*invokestatic checkContext {reexecute=0 rethrow=0 return_oop=0}
                      ; - java.security.AccessController::doPrivileged@6 (line 399)
  0x0000022870766810: 8cfb ffff 

  0x0000022870766814: ;   {other}
  0x0000022870766814: 0f1f 8400 | 0c02 0001 | 4889 4424 

  0x0000022870766820: ;   {metadata(method data for {method} {0x000002280849b040} 'doPrivileged' '(Ljava/security/PrivilegedAction;Ljava/security/AccessControlContext;)Ljava/lang/Object;' in 'java/security/AccessController')}
  0x0000022870766820: 5848 ba88 | 46f0 4928 | 0200 0048 | 8382 3801 

  0x0000022870766830: ;   {metadata(method data for {method} {0x000002280849b2c8} 'executePrivileged' '(Ljava/security/PrivilegedAction;Ljava/security/AccessControlContext;Ljava/lang/Class;)Ljava/lang/Object;' in 'java/security/AccessController')}
  0x0000022870766830: 0000 0148 | bac8 0a11 | 4928 0200 | 008b b2cc | 0000 0083 | c602 89b2 | cc00 0000 | 81e6 feff 
  0x0000022870766850: 1f00 85f6 | 0f84 fd01 | 0000 4885 

  0x000002287076685c: ;   {metadata(method data for {method} {0x000002280849b2c8} 'executePrivileged' '(Ljava/security/PrivilegedAction;Ljava/security/AccessControlContext;Ljava/lang/Class;)Ljava/lang/Object;' in 'java/security/AccessController')}
  0x000002287076685c: c048 bac8 | 0a11 4928 | 0200 00be | 1801 0000 | 7405 be28 | 0100 0048 | 8b3c 3248 | 8d7f 0148 
  0x000002287076687c: 893c 320f | 8427 0000 

  0x0000022870766884: ;   {metadata(method data for {method} {0x000002280849b2c8} 'executePrivileged' '(Ljava/security/PrivilegedAction;Ljava/security/AccessControlContext;Ljava/lang/Class;)Ljava/lang/Object;' in 'java/security/AccessController')}
  0x0000022870766884: 0048 bac8 | 0a11 4928 | 0200 0048 | 8382 3801 | 0000 0148 | 8bd0 0f1f 

  0x000002287076689c: ;   {static_call}
  0x000002287076689c: 4400 00e8 

  0x00000228707668a0: ; ImmutableOopMap {[72]=Oop [80]=Oop [88]=Oop }
                      ;*invokestatic ensureMaterializedForStackWalk {reexecute=0 rethrow=0 return_oop=0}
                      ; - java.security.AccessController::executePrivileged@5 (line 774)
                      ; - java.security.AccessController::doPrivileged@13 (line 400)
  0x00000228707668a0: 8c67 8807 

  0x00000228707668a4: ;   {other}
  0x00000228707668a4: 0f1f 8400 | 9c02 0002 

  0x00000228707668ac: ;   {metadata(method data for {method} {0x000002280849b2c8} 'executePrivileged' '(Ljava/security/PrivilegedAction;Ljava/security/AccessControlContext;Ljava/lang/Class;)Ljava/lang/Object;' in 'java/security/AccessController')}
  0x00000228707668ac: 48ba c80a | 1149 2802 | 0000 ff82 | 4801 0000 | 488b 5424 | 4848 3b02 

  0x00000228707668c4: ;   {metadata(method data for {method} {0x000002280849b2c8} 'executePrivileged' '(Ljava/security/PrivilegedAction;Ljava/security/AccessControlContext;Ljava/lang/Class;)Ljava/lang/Object;' in 'java/security/AccessController')}
  0x00000228707668c4: 488b f248 | bfc8 0a11 | 4928 0200 | 008b 7608 | 49ba 0000 | 0008 2802 | 0000 4903 | f248 3bb7 
  0x00000228707668e4: b001 0000 | 750d 4883 | 87b8 0100 | 0001 e960 | 0000 0048 | 3bb7 c001 | 0000 750d | 4883 87c8 
  0x0000022870766904: 0100 0001 | e94a 0000 | 0048 83bf | b001 0000 | 0075 1748 | 89b7 b001 | 0000 48c7 | 87b8 0100 
  0x0000022870766924: 0001 0000 | 00e9 2900 | 0000 4883 | bfc0 0100 | 0000 7517 | 4889 b7c0 | 0100 0048 | c787 c801 
  0x0000022870766944: 0000 0100 | 0000 e908 | 0000 0048 | 8387 a801 | 0000 0166 | 0f1f 4400 | 0048 b800 | f64c 4f28 
  0x0000022870766964: ;   {virtual_call}
  0x0000022870766964: 0200 00e8 

  0x0000022870766968: ; ImmutableOopMap {[80]=Oop [88]=Oop }
                      ;*invokeinterface run {reexecute=0 rethrow=0 return_oop=0}
                      ; - java.security.AccessController::executePrivileged@29 (line 778)
                      ; - java.security.AccessController::doPrivileged@13 (line 400)
  0x0000022870766968: 64d4 3f07 

  0x000002287076696c: ;   {other}
  0x000002287076696c: 0f1f 8400 | 6403 0003 

  0x0000022870766974: ;   {metadata(method data for {method} {0x000002280849b2c8} 'executePrivileged' '(Ljava/security/PrivilegedAction;Ljava/security/AccessControlContext;Ljava/lang/Class;)Ljava/lang/Object;' in 'java/security/AccessController')}
  0x0000022870766974: 48ba c80a | 1149 2802 | 0000 ff82 | d801 0000 

  0x0000022870766984: ;   {metadata(method data for {method} {0x000002280849b2c8} 'executePrivileged' '(Ljava/security/PrivilegedAction;Ljava/security/AccessControlContext;Ljava/lang/Class;)Ljava/lang/Object;' in 'java/security/AccessController')}
  0x0000022870766984: 48ba c80a | 1149 2802 | 0000 4883 | 8238 0200 | 0001 488b | d048 8944 

  0x000002287076699c: ;   {static_call}
  0x000002287076699c: 2460 90e8 

  0x00000228707669a0: ; ImmutableOopMap {[80]=Oop [88]=Oop [96]=Oop }
                      ;*invokestatic ensureMaterializedForStackWalk {reexecute=0 rethrow=0 return_oop=0}
                      ; - java.security.AccessController::executePrivileged@56 (line 786)
                      ; - java.security.AccessController::doPrivileged@13 (line 400)
  0x00000228707669a0: 8c66 8807 

  0x00000228707669a4: ;   {other}
  0x00000228707669a4: 0f1f 8400 | 9c03 0004 

  0x00000228707669ac: ;   {metadata(method data for {method} {0x000002280849b2c8} 'executePrivileged' '(Ljava/security/PrivilegedAction;Ljava/security/AccessControlContext;Ljava/lang/Class;)Ljava/lang/Object;' in 'java/security/AccessController')}
  0x00000228707669ac: 48b8 c80a | 1149 2802 | 0000 4883 | 8048 0200 

  0x00000228707669bc: ;   {metadata(method data for {method} {0x00000228081957a0} 'reachabilityFence' '(Ljava/lang/Object;)V' in 'java/lang/ref/Reference')}
  0x00000228707669bc: 0001 48b8 | 084a 0e49 | 2802 0000 | 8bb0 cc00 | 0000 83c6 | 0289 b0cc | 0000 0081 | e6fe ff1f 
  0x00000228707669dc: 0085 f60f | 8498 0000 

  0x00000228707669e4: ;   {metadata(method data for {method} {0x000002280849b2c8} 'executePrivileged' '(Ljava/security/PrivilegedAction;Ljava/security/AccessControlContext;Ljava/lang/Class;)Ljava/lang/Object;' in 'java/security/AccessController')}
  0x00000228707669e4: 0048 b8c8 | 0a11 4928 | 0200 0048 | 8380 5802 

  0x00000228707669f4: ;   {metadata(method data for {method} {0x00000228081957a0} 'reachabilityFence' '(Ljava/lang/Object;)V' in 'java/lang/ref/Reference')}
  0x00000228707669f4: 0000 0148 | b808 4a0e | 4928 0200 | 008b b0cc | 0000 0083 | c602 89b0 | cc00 0000 | 81e6 feff 
  0x0000022870766a14: 1f00 85f6 | 0f84 8000 | 0000 488b | 4424 6048 | 83c4 705d 

  0x0000022870766a28: ;   {poll_return}
  0x0000022870766a28: 493b a748 | 0400 000f | 878a 0000 

  0x0000022870766a34: ;   {metadata({method} {0x000002280849b040} 'doPrivileged' '(Ljava/security/PrivilegedAction;Ljava/security/AccessControlContext;)Ljava/lang/Object;' in 'java/security/AccessController')}
  0x0000022870766a34: 00c3 49ba | 38b0 4908 | 2802 0000 | 4c89 5424 | 0848 c704 | 24ff ffff 

  0x0000022870766a4c: ;   {runtime_call counter_overflow Runtime1 stub}
  0x0000022870766a4c: ffe8 8e08 

  0x0000022870766a50: ; ImmutableOopMap {rdx=Oop r8=Oop }
                      ;*synchronization entry
                      ; - java.security.AccessController::doPrivileged@-1 (line 398)
  0x0000022870766a50: 3f07 e96b 

  0x0000022870766a54: ;   {metadata({method} {0x000002280849b2c8} 'executePrivileged' '(Ljava/security/PrivilegedAction;Ljava/security/AccessControlContext;Ljava/lang/Class;)Ljava/lang/Object;' in 'java/security/AccessController')}
  0x0000022870766a54: fdff ff49 | bac0 b249 | 0828 0200 | 004c 8954 | 2408 48c7 | 0424 ffff 

  0x0000022870766a6c: ;   {runtime_call counter_overflow Runtime1 stub}
  0x0000022870766a6c: ffff e86d 

  0x0000022870766a70: ; ImmutableOopMap {rax=Oop [72]=Oop [80]=Oop [88]=Oop }
                      ;*synchronization entry
                      ; - java.security.AccessController::executePrivileged@-1 (line 773)
                      ; - java.security.AccessController::doPrivileged@13 (line 400)
  0x0000022870766a70: 083f 07e9 | e2fd ffff 

  0x0000022870766a78: ;   {runtime_call throw_null_pointer_exception Runtime1 stub}
  0x0000022870766a78: e8e3 7d3e 

  0x0000022870766a7c: ; ImmutableOopMap {rdx=Oop [80]=Oop [88]=Oop }
                      ;*invokeinterface run {reexecute=0 rethrow=0 return_oop=0}
                      ; - java.security.AccessController::executePrivileged@29 (line 778)
                      ; - java.security.AccessController::doPrivileged@13 (line 400)
                      ;   {metadata({method} {0x00000228081957a0} 'reachabilityFence' '(Ljava/lang/Object;)V' in 'java/lang/ref/Reference')}
  0x0000022870766a7c: 0749 ba98 | 5719 0828 | 0200 004c | 8954 2408 | 48c7 0424 | ffff ffff 

  0x0000022870766a94: ;   {runtime_call counter_overflow Runtime1 stub}
  0x0000022870766a94: e847 083f 

  0x0000022870766a98: ; ImmutableOopMap {[80]=Oop [96]=Oop }
                      ;*synchronization entry
                      ; - java.lang.ref.Reference::reachabilityFence@-1 (line 661)
                      ; - java.security.AccessController::executePrivileged@60 (line 790)
                      ; - java.security.AccessController::doPrivileged@13 (line 400)
  0x0000022870766a98: 07e9 47ff 

  0x0000022870766a9c: ;   {metadata({method} {0x00000228081957a0} 'reachabilityFence' '(Ljava/lang/Object;)V' in 'java/lang/ref/Reference')}
  0x0000022870766a9c: ffff 49ba | 9857 1908 | 2802 0000 | 4c89 5424 | 0848 c704 | 24ff ffff 

  0x0000022870766ab4: ;   {runtime_call counter_overflow Runtime1 stub}
  0x0000022870766ab4: ffe8 2608 

  0x0000022870766ab8: ; ImmutableOopMap {[96]=Oop }
                      ;*synchronization entry
                      ; - java.lang.ref.Reference::reachabilityFence@-1 (line 661)
                      ; - java.security.AccessController::executePrivileged@64 (line 791)
                      ; - java.security.AccessController::doPrivileged@13 (line 400)
  0x0000022870766ab8: 3f07 e95f 

  0x0000022870766abc: ;   {internal_word}
  0x0000022870766abc: ffff ff49 | ba28 6a76 | 7028 0200 | 004d 8997 | 6004 0000 

  0x0000022870766ad0: ;   {runtime_call SafepointBlob}
  0x0000022870766ad0: e90b fd31 | 0749 8b87 | 0005 0000 | 49c7 8700 | 0500 0000 | 0000 0049 | c787 0805 | 0000 0000 
  0x0000022870766af0: 0000 4883 

  0x0000022870766af4: ;   {runtime_call unwind_exception Runtime1 stub}
  0x0000022870766af4: c470 5de9 | e468 3e07 | f4f4 f4f4 
[Stub Code]
  0x0000022870766b00: ;   {no_reloc}
  0x0000022870766b00: 0f1f 4400 

  0x0000022870766b04: ;   {static_stub}
  0x0000022870766b04: 0048 bb00 | 0000 0000 

  0x0000022870766b0c: ;   {runtime_call nmethod}
  0x0000022870766b0c: 0000 00e9 | fbff ffff 

  0x0000022870766b14: ;   {static_stub}
  0x0000022870766b14: 48bb 0000 | 0000 0000 

  0x0000022870766b1c: ;   {runtime_call nmethod}
  0x0000022870766b1c: 0000 e9fb 

  0x0000022870766b20: ;   {static_stub}
  0x0000022870766b20: ffff ff48 | bb00 0000 | 0000 0000 

  0x0000022870766b2c: ;   {runtime_call nmethod}
  0x0000022870766b2c: 00e9 fbff 

  0x0000022870766b30: ;   {static_stub}
  0x0000022870766b30: ffff 48bb | 0000 0000 | 0000 0000 

  0x0000022870766b3c: ;   {runtime_call nmethod}
  0x0000022870766b3c: e9fb ffff 

  0x0000022870766b40: ;   {runtime_call handle_exception_from_callee Runtime1 stub}
  0x0000022870766b40: ffe8 9aba 

  0x0000022870766b44: ;   {external_word}
  0x0000022870766b44: 3e07 48b9 | 40d5 be9f | fb7f 0000 | 4883 e4f0 

  0x0000022870766b54: ;   {runtime_call}
  0x0000022870766b54: 48b8 704a | 859f fb7f | 0000 ffd0 

  0x0000022870766b60: ;   {section_word}
  0x0000022870766b60: f449 ba61 | 6b76 7028 | 0200 0041 

  0x0000022870766b6c: ;   {runtime_call DeoptimizationBlob}
  0x0000022870766b6c: 52e9 8e10 | 3207 f4f4 | f4f4 f4f4 
[/MachCode]


---------------  P R O C E S S  ---------------

Threads class SMR info:
_java_thread_list=0x000002284f4d8ff0, length=17, elements={
0x0000022807188de0, 0x000002280718a2b0, 0x000002280718d0d0, 0x000002280718da30,
0x0000022807193d80, 0x00000228071994a0, 0x000002280719c690, 0x00000228071b0690,
0x00000228072b7250, 0x000002280746ad50, 0x00000228075c14f0, 0x00000228075c8670,
0x000002284d053ca0, 0x000002284f06c4c0, 0x000002284f06cb30, 0x0000022867dc96e0,
0x000002284e8dc260
}

Java Threads: ( => current thread )
  0x0000022807188de0 JavaThread "Reference Handler"          daemon [_thread_blocked, id=21452, stack(0x000000831ff00000,0x0000008320000000) (1024K)]
  0x000002280718a2b0 JavaThread "Finalizer"                  daemon [_thread_blocked, id=26044, stack(0x0000008320000000,0x0000008320100000) (1024K)]
  0x000002280718d0d0 JavaThread "Signal Dispatcher"          daemon [_thread_blocked, id=11208, stack(0x0000008320100000,0x0000008320200000) (1024K)]
  0x000002280718da30 JavaThread "Attach Listener"            daemon [_thread_blocked, id=14796, stack(0x0000008320200000,0x0000008320300000) (1024K)]
  0x0000022807193d80 JavaThread "Service Thread"             daemon [_thread_blocked, id=16256, stack(0x0000008320300000,0x0000008320400000) (1024K)]
  0x00000228071994a0 JavaThread "Monitor Deflation Thread"   daemon [_thread_blocked, id=404, stack(0x0000008320400000,0x0000008320500000) (1024K)]
  0x000002280719c690 JavaThread "C2 CompilerThread0"         daemon [_thread_blocked, id=18572, stack(0x0000008320500000,0x0000008320600000) (1024K)]
  0x00000228071b0690 JavaThread "C1 CompilerThread0"         daemon [_thread_blocked, id=3232, stack(0x0000008320600000,0x0000008320700000) (1024K)]
  0x00000228072b7250 JavaThread "Common-Cleaner"             daemon [_thread_blocked, id=23128, stack(0x0000008320700000,0x0000008320800000) (1024K)]
  0x000002280746ad50 JavaThread "Notification Thread"        daemon [_thread_blocked, id=17084, stack(0x0000008320900000,0x0000008320a00000) (1024K)]
  0x00000228075c14f0 JavaThread "Java2D Disposer"            daemon [_thread_blocked, id=12444, stack(0x0000008320a00000,0x0000008320b00000) (1024K)]
  0x00000228075c8670 JavaThread "AWT-Windows"                daemon [_thread_in_native, id=24620, stack(0x0000008320c00000,0x0000008320d00000) (1024K)]
  0x000002284d053ca0 JavaThread "mysql-cj-abandoned-connection-cleanup" daemon [_thread_blocked, id=15616, stack(0x0000008320d00000,0x0000008320e00000) (1024K)]
  0x000002284f06c4c0 JavaThread "AWT-Shutdown"                      [_thread_blocked, id=26568, stack(0x0000008320b00000,0x0000008320c00000) (1024K)]
=>0x000002284f06cb30 JavaThread "AWT-EventQueue-0"                  [_thread_in_native, id=4408, stack(0x0000008320f00000,0x0000008321000000) (1024K)]
  0x0000022867dc96e0 JavaThread "DestroyJavaVM"                     [_thread_blocked, id=12780, stack(0x000000831f700000,0x000000831f800000) (1024K)]
  0x000002284e8dc260 JavaThread "TimerQueue"                 daemon [_thread_blocked, id=9224, stack(0x0000008320e00000,0x0000008320f00000) (1024K)]
Total: 17

Other Threads:
  0x000002280716b3b0 VMThread "VM Thread"                           [id=4964, stack(0x000000831fe00000,0x000000831ff00000) (1024K)]
  0x0000022807155050 WatcherThread "VM Periodic Task Thread"        [id=22480, stack(0x000000831fd00000,0x000000831fe00000) (1024K)]
  0x0000022867e2f720 WorkerThread "GC Thread#0"                     [id=18732, stack(0x000000831f800000,0x000000831f900000) (1024K)]
  0x000002284e4ed770 WorkerThread "GC Thread#1"                     [id=17204, stack(0x0000008321000000,0x0000008321100000) (1024K)]
  0x000002284e4edb20 WorkerThread "GC Thread#2"                     [id=15248, stack(0x0000008321100000,0x0000008321200000) (1024K)]
  0x000002284e85fc10 WorkerThread "GC Thread#3"                     [id=19156, stack(0x0000008321200000,0x0000008321300000) (1024K)]
  0x000002284e85ffc0 WorkerThread "GC Thread#4"                     [id=10012, stack(0x0000008321300000,0x0000008321400000) (1024K)]
  0x000002284e860370 WorkerThread "GC Thread#5"                     [id=5460, stack(0x0000008321400000,0x0000008321500000) (1024K)]
  0x000002284f6a5820 WorkerThread "GC Thread#6"                     [id=19236, stack(0x0000008321500000,0x0000008321600000) (1024K)]
  0x000002284f6a9cc0 WorkerThread "GC Thread#7"                     [id=19832, stack(0x0000008321600000,0x0000008321700000) (1024K)]
  0x0000022867e45190 ConcurrentGCThread "G1 Main Marker"            [id=23104, stack(0x000000831f900000,0x000000831fa00000) (1024K)]
  0x0000022867e45ca0 WorkerThread "G1 Conc#0"                       [id=9656, stack(0x000000831fa00000,0x000000831fb00000) (1024K)]
  0x0000022867e8e980 ConcurrentGCThread "G1 Refine#0"               [id=19640, stack(0x000000831fb00000,0x000000831fc00000) (1024K)]
  0x00000228070261b0 ConcurrentGCThread "G1 Service"                [id=16232, stack(0x000000831fc00000,0x000000831fd00000) (1024K)]
Total: 14

Threads with active compile tasks:
Total: 0

VM state: not at safepoint (normal execution)

VM Mutex/Monitor currently owned by a thread: None

Heap address: 0x0000000704000000, size: 4032 MB, Compressed Oops mode: Zero based, Oop shift amount: 3

CDS archive(s) mapped at: [0x0000022808000000-0x0000022808d70000-0x0000022808d70000), size 14090240, SharedBaseAddress: 0x0000022808000000, ArchiveRelocationMode: 1.
Compressed class space mapped at: 0x0000022809000000-0x0000022849000000, reserved size: 1073741824
Narrow klass base: 0x0000022808000000, Narrow klass shift: 0, Narrow klass range: 0x41000000

GC Precious Log:
 CardTable entry size: 512
 Card Set container configuration: InlinePtr #cards 4 size 8 Array Of Cards #cards 16 size 48 Howl #buckets 8 coarsen threshold 3686 Howl Bitmap #cards 512 size 80 coarsen threshold 460 Card regions per heap region 1 cards per card region 4096
 CPUs: 8 total, 8 available
 Memory: 16126M
 Large Page Support: Disabled
 NUMA Support: Disabled
 Compressed Oops: Enabled (Zero based)
 Heap Region Size: 2M
 Heap Min Capacity: 8M
 Heap Initial Capacity: 252M
 Heap Max Capacity: 4032M
 Pre-touch: Disabled
 Parallel Workers: 8
 Concurrent Workers: 2
 Concurrent Refinement Workers: 8
 Periodic GC: Disabled

Heap:
 garbage-first heap   total reserved 4128768K, committed 258048K, used 13773K [0x0000000704000000, 0x0000000800000000)
  region size 2048K, 4 young (8192K), 2 survivors (4096K)
 Metaspace       used 19207K, committed 19456K, reserved 1114112K
  class space    used 2280K, committed 2368K, reserved 1048576K

Heap Regions: E=young(eden), S=young(survivor), O=old, HS=humongous(starts), HC=humongous(continues), CS=collection set, F=free, TAMS=top-at-mark-start, PB=parsable bottom
|   0|0x0000000704000000, 0x00000007041734f8, 0x0000000704200000| 72%| O|  |TAMS 0x0000000704000000| PB 0x0000000704000000| Untracked |  0
|   1|0x0000000704200000, 0x0000000704400000, 0x0000000704400000|100%|HS|  |TAMS 0x0000000704200000| PB 0x0000000704200000| Complete |  0
|   2|0x0000000704400000, 0x0000000704600000, 0x0000000704600000|100%|HS|  |TAMS 0x0000000704400000| PB 0x0000000704400000| Complete |  0
|   3|0x0000000704600000, 0x0000000704800000, 0x0000000704800000|100%|HC|  |TAMS 0x0000000704600000| PB 0x0000000704600000| Complete |  0
|   4|0x0000000704800000, 0x0000000704800000, 0x0000000704a00000|  0%| F|  |TAMS 0x0000000704800000| PB 0x0000000704800000| Untracked |  0
|   5|0x0000000704a00000, 0x0000000704a00000, 0x0000000704c00000|  0%| F|  |TAMS 0x0000000704a00000| PB 0x0000000704a00000| Untracked |  0
|   6|0x0000000704c00000, 0x0000000704c00000, 0x0000000704e00000|  0%| F|  |TAMS 0x0000000704c00000| PB 0x0000000704c00000| Untracked |  0
|   7|0x0000000704e00000, 0x0000000704e00000, 0x0000000705000000|  0%| F|  |TAMS 0x0000000704e00000| PB 0x0000000704e00000| Untracked |  0
|   8|0x0000000705000000, 0x0000000705000000, 0x0000000705200000|  0%| F|  |TAMS 0x0000000705000000| PB 0x0000000705000000| Untracked |  0
|   9|0x0000000705200000, 0x0000000705200000, 0x0000000705400000|  0%| F|  |TAMS 0x0000000705200000| PB 0x0000000705200000| Untracked |  0
|  10|0x0000000705400000, 0x0000000705400000, 0x0000000705600000|  0%| F|  |TAMS 0x0000000705400000| PB 0x0000000705400000| Untracked |  0
|  11|0x0000000705600000, 0x0000000705600000, 0x0000000705800000|  0%| F|  |TAMS 0x0000000705600000| PB 0x0000000705600000| Untracked |  0
|  12|0x0000000705800000, 0x0000000705800000, 0x0000000705a00000|  0%| F|  |TAMS 0x0000000705800000| PB 0x0000000705800000| Untracked |  0
|  13|0x0000000705a00000, 0x0000000705a00000, 0x0000000705c00000|  0%| F|  |TAMS 0x0000000705a00000| PB 0x0000000705a00000| Untracked |  0
|  14|0x0000000705c00000, 0x0000000705c00000, 0x0000000705e00000|  0%| F|  |TAMS 0x0000000705c00000| PB 0x0000000705c00000| Untracked |  0
|  15|0x0000000705e00000, 0x0000000705e00000, 0x0000000706000000|  0%| F|  |TAMS 0x0000000705e00000| PB 0x0000000705e00000| Untracked |  0
|  16|0x0000000706000000, 0x0000000706000000, 0x0000000706200000|  0%| F|  |TAMS 0x0000000706000000| PB 0x0000000706000000| Untracked |  0
|  17|0x0000000706200000, 0x0000000706200000, 0x0000000706400000|  0%| F|  |TAMS 0x0000000706200000| PB 0x0000000706200000| Untracked |  0
|  18|0x0000000706400000, 0x0000000706400000, 0x0000000706600000|  0%| F|  |TAMS 0x0000000706400000| PB 0x0000000706400000| Untracked |  0
|  19|0x0000000706600000, 0x0000000706600000, 0x0000000706800000|  0%| F|  |TAMS 0x0000000706600000| PB 0x0000000706600000| Untracked |  0
|  20|0x0000000706800000, 0x0000000706800000, 0x0000000706a00000|  0%| F|  |TAMS 0x0000000706800000| PB 0x0000000706800000| Untracked |  0
|  21|0x0000000706a00000, 0x0000000706a00000, 0x0000000706c00000|  0%| F|  |TAMS 0x0000000706a00000| PB 0x0000000706a00000| Untracked |  0
|  22|0x0000000706c00000, 0x0000000706c00000, 0x0000000706e00000|  0%| F|  |TAMS 0x0000000706c00000| PB 0x0000000706c00000| Untracked |  0
|  23|0x0000000706e00000, 0x0000000706e00000, 0x0000000707000000|  0%| F|  |TAMS 0x0000000706e00000| PB 0x0000000706e00000| Untracked |  0
|  24|0x0000000707000000, 0x0000000707000000, 0x0000000707200000|  0%| F|  |TAMS 0x0000000707000000| PB 0x0000000707000000| Untracked |  0
|  25|0x0000000707200000, 0x0000000707200000, 0x0000000707400000|  0%| F|  |TAMS 0x0000000707200000| PB 0x0000000707200000| Untracked |  0
|  26|0x0000000707400000, 0x0000000707400000, 0x0000000707600000|  0%| F|  |TAMS 0x0000000707400000| PB 0x0000000707400000| Untracked |  0
|  27|0x0000000707600000, 0x0000000707600000, 0x0000000707800000|  0%| F|  |TAMS 0x0000000707600000| PB 0x0000000707600000| Untracked |  0
|  28|0x0000000707800000, 0x0000000707800000, 0x0000000707a00000|  0%| F|  |TAMS 0x0000000707800000| PB 0x0000000707800000| Untracked |  0
|  29|0x0000000707a00000, 0x0000000707a00000, 0x0000000707c00000|  0%| F|  |TAMS 0x0000000707a00000| PB 0x0000000707a00000| Untracked |  0
|  30|0x0000000707c00000, 0x0000000707c00000, 0x0000000707e00000|  0%| F|  |TAMS 0x0000000707c00000| PB 0x0000000707c00000| Untracked |  0
|  31|0x0000000707e00000, 0x0000000707e00000, 0x0000000708000000|  0%| F|  |TAMS 0x0000000707e00000| PB 0x0000000707e00000| Untracked |  0
|  32|0x0000000708000000, 0x0000000708000000, 0x0000000708200000|  0%| F|  |TAMS 0x0000000708000000| PB 0x0000000708000000| Untracked |  0
|  33|0x0000000708200000, 0x0000000708200000, 0x0000000708400000|  0%| F|  |TAMS 0x0000000708200000| PB 0x0000000708200000| Untracked |  0
|  34|0x0000000708400000, 0x0000000708400000, 0x0000000708600000|  0%| F|  |TAMS 0x0000000708400000| PB 0x0000000708400000| Untracked |  0
|  35|0x0000000708600000, 0x0000000708600000, 0x0000000708800000|  0%| F|  |TAMS 0x0000000708600000| PB 0x0000000708600000| Untracked |  0
|  36|0x0000000708800000, 0x0000000708800000, 0x0000000708a00000|  0%| F|  |TAMS 0x0000000708800000| PB 0x0000000708800000| Untracked |  0
|  37|0x0000000708a00000, 0x0000000708a00000, 0x0000000708c00000|  0%| F|  |TAMS 0x0000000708a00000| PB 0x0000000708a00000| Untracked |  0
|  38|0x0000000708c00000, 0x0000000708c00000, 0x0000000708e00000|  0%| F|  |TAMS 0x0000000708c00000| PB 0x0000000708c00000| Untracked |  0
|  39|0x0000000708e00000, 0x0000000708e00000, 0x0000000709000000|  0%| F|  |TAMS 0x0000000708e00000| PB 0x0000000708e00000| Untracked |  0
|  40|0x0000000709000000, 0x0000000709000000, 0x0000000709200000|  0%| F|  |TAMS 0x0000000709000000| PB 0x0000000709000000| Untracked |  0
|  41|0x0000000709200000, 0x0000000709200000, 0x0000000709400000|  0%| F|  |TAMS 0x0000000709200000| PB 0x0000000709200000| Untracked |  0
|  42|0x0000000709400000, 0x0000000709400000, 0x0000000709600000|  0%| F|  |TAMS 0x0000000709400000| PB 0x0000000709400000| Untracked |  0
|  43|0x0000000709600000, 0x0000000709600000, 0x0000000709800000|  0%| F|  |TAMS 0x0000000709600000| PB 0x0000000709600000| Untracked |  0
|  44|0x0000000709800000, 0x0000000709800000, 0x0000000709a00000|  0%| F|  |TAMS 0x0000000709800000| PB 0x0000000709800000| Untracked |  0
|  45|0x0000000709a00000, 0x0000000709a00000, 0x0000000709c00000|  0%| F|  |TAMS 0x0000000709a00000| PB 0x0000000709a00000| Untracked |  0
|  46|0x0000000709c00000, 0x0000000709c00000, 0x0000000709e00000|  0%| F|  |TAMS 0x0000000709c00000| PB 0x0000000709c00000| Untracked |  0
|  47|0x0000000709e00000, 0x0000000709e00000, 0x000000070a000000|  0%| F|  |TAMS 0x0000000709e00000| PB 0x0000000709e00000| Untracked |  0
|  48|0x000000070a000000, 0x000000070a000000, 0x000000070a200000|  0%| F|  |TAMS 0x000000070a000000| PB 0x000000070a000000| Untracked |  0
|  49|0x000000070a200000, 0x000000070a200000, 0x000000070a400000|  0%| F|  |TAMS 0x000000070a200000| PB 0x000000070a200000| Untracked |  0
|  50|0x000000070a400000, 0x000000070a400000, 0x000000070a600000|  0%| F|  |TAMS 0x000000070a400000| PB 0x000000070a400000| Untracked |  0
|  51|0x000000070a600000, 0x000000070a600000, 0x000000070a800000|  0%| F|  |TAMS 0x000000070a600000| PB 0x000000070a600000| Untracked |  0
|  52|0x000000070a800000, 0x000000070a800000, 0x000000070aa00000|  0%| F|  |TAMS 0x000000070a800000| PB 0x000000070a800000| Untracked |  0
|  53|0x000000070aa00000, 0x000000070aa00000, 0x000000070ac00000|  0%| F|  |TAMS 0x000000070aa00000| PB 0x000000070aa00000| Untracked |  0
|  54|0x000000070ac00000, 0x000000070ac00000, 0x000000070ae00000|  0%| F|  |TAMS 0x000000070ac00000| PB 0x000000070ac00000| Untracked |  0
|  55|0x000000070ae00000, 0x000000070ae00000, 0x000000070b000000|  0%| F|  |TAMS 0x000000070ae00000| PB 0x000000070ae00000| Untracked |  0
|  56|0x000000070b000000, 0x000000070b000000, 0x000000070b200000|  0%| F|  |TAMS 0x000000070b000000| PB 0x000000070b000000| Untracked |  0
|  57|0x000000070b200000, 0x000000070b200000, 0x000000070b400000|  0%| F|  |TAMS 0x000000070b200000| PB 0x000000070b200000| Untracked |  0
|  58|0x000000070b400000, 0x000000070b400000, 0x000000070b600000|  0%| F|  |TAMS 0x000000070b400000| PB 0x000000070b400000| Untracked |  0
|  59|0x000000070b600000, 0x000000070b600000, 0x000000070b800000|  0%| F|  |TAMS 0x000000070b600000| PB 0x000000070b600000| Untracked |  0
|  60|0x000000070b800000, 0x000000070b800000, 0x000000070ba00000|  0%| F|  |TAMS 0x000000070b800000| PB 0x000000070b800000| Untracked |  0
|  61|0x000000070ba00000, 0x000000070ba00000, 0x000000070bc00000|  0%| F|  |TAMS 0x000000070ba00000| PB 0x000000070ba00000| Untracked |  0
|  62|0x000000070bc00000, 0x000000070bc00000, 0x000000070be00000|  0%| F|  |TAMS 0x000000070bc00000| PB 0x000000070bc00000| Untracked |  0
|  63|0x000000070be00000, 0x000000070be00000, 0x000000070c000000|  0%| F|  |TAMS 0x000000070be00000| PB 0x000000070be00000| Untracked |  0
|  64|0x000000070c000000, 0x000000070c000000, 0x000000070c200000|  0%| F|  |TAMS 0x000000070c000000| PB 0x000000070c000000| Untracked |  0
|  65|0x000000070c200000, 0x000000070c200000, 0x000000070c400000|  0%| F|  |TAMS 0x000000070c200000| PB 0x000000070c200000| Untracked |  0
|  66|0x000000070c400000, 0x000000070c400000, 0x000000070c600000|  0%| F|  |TAMS 0x000000070c400000| PB 0x000000070c400000| Untracked |  0
|  67|0x000000070c600000, 0x000000070c600000, 0x000000070c800000|  0%| F|  |TAMS 0x000000070c600000| PB 0x000000070c600000| Untracked |  0
|  68|0x000000070c800000, 0x000000070c800000, 0x000000070ca00000|  0%| F|  |TAMS 0x000000070c800000| PB 0x000000070c800000| Untracked |  0
|  69|0x000000070ca00000, 0x000000070ca00000, 0x000000070cc00000|  0%| F|  |TAMS 0x000000070ca00000| PB 0x000000070ca00000| Untracked |  0
|  70|0x000000070cc00000, 0x000000070cc00000, 0x000000070ce00000|  0%| F|  |TAMS 0x000000070cc00000| PB 0x000000070cc00000| Untracked |  0
|  71|0x000000070ce00000, 0x000000070ce00000, 0x000000070d000000|  0%| F|  |TAMS 0x000000070ce00000| PB 0x000000070ce00000| Untracked |  0
|  72|0x000000070d000000, 0x000000070d000000, 0x000000070d200000|  0%| F|  |TAMS 0x000000070d000000| PB 0x000000070d000000| Untracked |  0
|  73|0x000000070d200000, 0x000000070d200000, 0x000000070d400000|  0%| F|  |TAMS 0x000000070d200000| PB 0x000000070d200000| Untracked |  0
|  74|0x000000070d400000, 0x000000070d400000, 0x000000070d600000|  0%| F|  |TAMS 0x000000070d400000| PB 0x000000070d400000| Untracked |  0
|  75|0x000000070d600000, 0x000000070d600000, 0x000000070d800000|  0%| F|  |TAMS 0x000000070d600000| PB 0x000000070d600000| Untracked |  0
|  76|0x000000070d800000, 0x000000070d800000, 0x000000070da00000|  0%| F|  |TAMS 0x000000070d800000| PB 0x000000070d800000| Untracked |  0
|  77|0x000000070da00000, 0x000000070da00000, 0x000000070dc00000|  0%| F|  |TAMS 0x000000070da00000| PB 0x000000070da00000| Untracked |  0
|  78|0x000000070dc00000, 0x000000070dc00000, 0x000000070de00000|  0%| F|  |TAMS 0x000000070dc00000| PB 0x000000070dc00000| Untracked |  0
|  79|0x000000070de00000, 0x000000070de00000, 0x000000070e000000|  0%| F|  |TAMS 0x000000070de00000| PB 0x000000070de00000| Untracked |  0
|  80|0x000000070e000000, 0x000000070e000000, 0x000000070e200000|  0%| F|  |TAMS 0x000000070e000000| PB 0x000000070e000000| Untracked |  0
|  81|0x000000070e200000, 0x000000070e200000, 0x000000070e400000|  0%| F|  |TAMS 0x000000070e200000| PB 0x000000070e200000| Untracked |  0
|  82|0x000000070e400000, 0x000000070e400000, 0x000000070e600000|  0%| F|  |TAMS 0x000000070e400000| PB 0x000000070e400000| Untracked |  0
|  83|0x000000070e600000, 0x000000070e600000, 0x000000070e800000|  0%| F|  |TAMS 0x000000070e600000| PB 0x000000070e600000| Untracked |  0
|  84|0x000000070e800000, 0x000000070e800000, 0x000000070ea00000|  0%| F|  |TAMS 0x000000070e800000| PB 0x000000070e800000| Untracked |  0
|  85|0x000000070ea00000, 0x000000070ea00000, 0x000000070ec00000|  0%| F|  |TAMS 0x000000070ea00000| PB 0x000000070ea00000| Untracked |  0
|  86|0x000000070ec00000, 0x000000070ec00000, 0x000000070ee00000|  0%| F|  |TAMS 0x000000070ec00000| PB 0x000000070ec00000| Untracked |  0
|  87|0x000000070ee00000, 0x000000070ee00000, 0x000000070f000000|  0%| F|  |TAMS 0x000000070ee00000| PB 0x000000070ee00000| Untracked |  0
|  88|0x000000070f000000, 0x000000070f000000, 0x000000070f200000|  0%| F|  |TAMS 0x000000070f000000| PB 0x000000070f000000| Untracked |  0
|  89|0x000000070f200000, 0x000000070f200000, 0x000000070f400000|  0%| F|  |TAMS 0x000000070f200000| PB 0x000000070f200000| Untracked |  0
|  90|0x000000070f400000, 0x000000070f400000, 0x000000070f600000|  0%| F|  |TAMS 0x000000070f400000| PB 0x000000070f400000| Untracked |  0
|  91|0x000000070f600000, 0x000000070f600000, 0x000000070f800000|  0%| F|  |TAMS 0x000000070f600000| PB 0x000000070f600000| Untracked |  0
|  92|0x000000070f800000, 0x000000070f800000, 0x000000070fa00000|  0%| F|  |TAMS 0x000000070f800000| PB 0x000000070f800000| Untracked |  0
|  93|0x000000070fa00000, 0x000000070fa00000, 0x000000070fc00000|  0%| F|  |TAMS 0x000000070fa00000| PB 0x000000070fa00000| Untracked |  0
|  94|0x000000070fc00000, 0x000000070fc00000, 0x000000070fe00000|  0%| F|  |TAMS 0x000000070fc00000| PB 0x000000070fc00000| Untracked |  0
|  95|0x000000070fe00000, 0x000000070fe00000, 0x0000000710000000|  0%| F|  |TAMS 0x000000070fe00000| PB 0x000000070fe00000| Untracked |  0
|  96|0x0000000710000000, 0x0000000710000000, 0x0000000710200000|  0%| F|  |TAMS 0x0000000710000000| PB 0x0000000710000000| Untracked |  0
|  97|0x0000000710200000, 0x0000000710200000, 0x0000000710400000|  0%| F|  |TAMS 0x0000000710200000| PB 0x0000000710200000| Untracked |  0
|  98|0x0000000710400000, 0x0000000710400000, 0x0000000710600000|  0%| F|  |TAMS 0x0000000710400000| PB 0x0000000710400000| Untracked |  0
|  99|0x0000000710600000, 0x0000000710600000, 0x0000000710800000|  0%| F|  |TAMS 0x0000000710600000| PB 0x0000000710600000| Untracked |  0
| 100|0x0000000710800000, 0x0000000710800000, 0x0000000710a00000|  0%| F|  |TAMS 0x0000000710800000| PB 0x0000000710800000| Untracked |  0
| 101|0x0000000710a00000, 0x0000000710a00000, 0x0000000710c00000|  0%| F|  |TAMS 0x0000000710a00000| PB 0x0000000710a00000| Untracked |  0
| 102|0x0000000710c00000, 0x0000000710c00000, 0x0000000710e00000|  0%| F|  |TAMS 0x0000000710c00000| PB 0x0000000710c00000| Untracked |  0
| 103|0x0000000710e00000, 0x0000000710e00000, 0x0000000711000000|  0%| F|  |TAMS 0x0000000710e00000| PB 0x0000000710e00000| Untracked |  0
| 104|0x0000000711000000, 0x0000000711000000, 0x0000000711200000|  0%| F|  |TAMS 0x0000000711000000| PB 0x0000000711000000| Untracked |  0
| 105|0x0000000711200000, 0x0000000711200000, 0x0000000711400000|  0%| F|  |TAMS 0x0000000711200000| PB 0x0000000711200000| Untracked |  0
| 106|0x0000000711400000, 0x0000000711400000, 0x0000000711600000|  0%| F|  |TAMS 0x0000000711400000| PB 0x0000000711400000| Untracked |  0
| 107|0x0000000711600000, 0x0000000711600000, 0x0000000711800000|  0%| F|  |TAMS 0x0000000711600000| PB 0x0000000711600000| Untracked |  0
| 108|0x0000000711800000, 0x0000000711800000, 0x0000000711a00000|  0%| F|  |TAMS 0x0000000711800000| PB 0x0000000711800000| Untracked |  0
| 109|0x0000000711a00000, 0x0000000711a00000, 0x0000000711c00000|  0%| F|  |TAMS 0x0000000711a00000| PB 0x0000000711a00000| Untracked |  0
| 110|0x0000000711c00000, 0x0000000711c00000, 0x0000000711e00000|  0%| F|  |TAMS 0x0000000711c00000| PB 0x0000000711c00000| Untracked |  0
| 111|0x0000000711e00000, 0x0000000711e00000, 0x0000000712000000|  0%| F|  |TAMS 0x0000000711e00000| PB 0x0000000711e00000| Untracked |  0
| 112|0x0000000712000000, 0x0000000712200000, 0x0000000712200000|100%| S|CS|TAMS 0x0000000712000000| PB 0x0000000712000000| Complete |  0
| 113|0x0000000712200000, 0x0000000712400000, 0x0000000712400000|100%| S|CS|TAMS 0x0000000712200000| PB 0x0000000712200000| Complete |  0
| 114|0x0000000712400000, 0x0000000712400000, 0x0000000712600000|  0%| F|  |TAMS 0x0000000712400000| PB 0x0000000712400000| Untracked |  0
| 115|0x0000000712600000, 0x0000000712600000, 0x0000000712800000|  0%| F|  |TAMS 0x0000000712600000| PB 0x0000000712600000| Untracked |  0
| 116|0x0000000712800000, 0x0000000712800000, 0x0000000712a00000|  0%| F|  |TAMS 0x0000000712800000| PB 0x0000000712800000| Untracked |  0
| 117|0x0000000712a00000, 0x0000000712a00000, 0x0000000712c00000|  0%| F|  |TAMS 0x0000000712a00000| PB 0x0000000712a00000| Untracked |  0
| 118|0x0000000712c00000, 0x0000000712c00000, 0x0000000712e00000|  0%| F|  |TAMS 0x0000000712c00000| PB 0x0000000712c00000| Untracked |  0
| 119|0x0000000712e00000, 0x0000000712e00000, 0x0000000713000000|  0%| F|  |TAMS 0x0000000712e00000| PB 0x0000000712e00000| Untracked |  0
| 120|0x0000000713000000, 0x0000000713000000, 0x0000000713200000|  0%| F|  |TAMS 0x0000000713000000| PB 0x0000000713000000| Untracked |  0
| 121|0x0000000713200000, 0x0000000713200000, 0x0000000713400000|  0%| F|  |TAMS 0x0000000713200000| PB 0x0000000713200000| Untracked |  0
| 122|0x0000000713400000, 0x0000000713400000, 0x0000000713600000|  0%| F|  |TAMS 0x0000000713400000| PB 0x0000000713400000| Untracked |  0
| 123|0x0000000713600000, 0x0000000713600000, 0x0000000713800000|  0%| F|  |TAMS 0x0000000713600000| PB 0x0000000713600000| Untracked |  0
| 124|0x0000000713800000, 0x000000071385c330, 0x0000000713a00000| 18%| E|  |TAMS 0x0000000713800000| PB 0x0000000713800000| Complete |  0
| 125|0x0000000713a00000, 0x0000000713c00000, 0x0000000713c00000|100%| E|CS|TAMS 0x0000000713a00000| PB 0x0000000713a00000| Complete |  0

Card table byte_map: [0x00000228007e0000,0x0000022800fc0000] _byte_map_base: 0x00000227fcfc0000

Marking Bits: (CMBitMap*) 0x0000022867e2fe30
 Bits: [0x0000022800fc0000, 0x0000022804ec0000)

Polling page: 0x0000022865c20000

Metaspace:

Usage:
  Non-class:     16.53 MB used.
      Class:      2.23 MB used.
       Both:     18.76 MB used.

Virtual space:
  Non-class space:       64.00 MB reserved,      16.69 MB ( 26%) committed,  1 nodes.
      Class space:        1.00 GB reserved,       2.31 MB ( <1%) committed,  1 nodes.
             Both:        1.06 GB reserved,      19.00 MB (  2%) committed. 

Chunk freelists:
   Non-Class:  14.95 MB
       Class:  13.72 MB
        Both:  28.67 MB

MaxMetaspaceSize: unlimited
CompressedClassSpaceSize: 1.00 GB
Initial GC threshold: 21.00 MB
Current GC threshold: 21.00 MB
CDS: on
 - commit_granule_bytes: 65536.
 - commit_granule_words: 8192.
 - virtual_space_node_default_size: 8388608.
 - enlarge_chunks_in_place: 1.
 - use_allocation_guard: 0.


Internal statistics:

num_allocs_failed_limit: 0.
num_arena_births: 190.
num_arena_deaths: 0.
num_vsnodes_births: 2.
num_vsnodes_deaths: 0.
num_space_committed: 304.
num_space_uncommitted: 0.
num_chunks_returned_to_freelist: 0.
num_chunks_taken_from_freelist: 401.
num_chunk_merges: 0.
num_chunk_splits: 244.
num_chunks_enlarged: 146.
num_inconsistent_stats: 0.

CodeHeap 'non-profiled nmethods': size=120064Kb used=672Kb max_used=672Kb free=119392Kb
 bounds [0x0000022877fc0000, 0x0000022878230000, 0x000002287f500000]
CodeHeap 'profiled nmethods': size=120000Kb used=2904Kb max_used=2904Kb free=117095Kb
 bounds [0x0000022870500000, 0x00000228707e0000, 0x0000022877a30000]
CodeHeap 'non-nmethods': size=5696Kb used=1871Kb max_used=1882Kb free=3824Kb
 bounds [0x0000022877a30000, 0x0000022877ca0000, 0x0000022877fc0000]
CodeCache: size=245760Kb, used=5447Kb, max_used=5458Kb, free=240311Kb
 total_blobs=2878, nmethods=2130, adapters=653, full_count=0
Compilation: enabled, stopped_count=0, restarted_count=0

Compilation events (20 events):
Event: 1183.368 Thread 0x00000228071b0690 2121       3       java.lang.Thread::getContextClassLoader (30 bytes)
Event: 1183.368 Thread 0x00000228071b0690 nmethod 2121 0x00000228707d0b88 code [0x00000228707d0cc0, 0x00000228707d0f18]
Event: 1193.377 Thread 0x00000228071b0690 2122       3       java.io.File::<init> (111 bytes)
Event: 1193.378 Thread 0x00000228071b0690 nmethod 2122 0x00000228707d0f88 code [0x00000228707d11c0, 0x00000228707d1d68]
Event: 1198.382 Thread 0x00000228071b0690 2123   !   3       jdk.internal.loader.URLClassPath$FileLoader::getResource (153 bytes)
Event: 1198.383 Thread 0x00000228071b0690 nmethod 2123 0x00000228707d1e08 code [0x00000228707d20e0, 0x00000228707d3270]
Event: 1198.383 Thread 0x00000228071b0690 2124       3       java.io.FileSystem::hasBooleanAttributes (17 bytes)
Event: 1198.383 Thread 0x00000228071b0690 nmethod 2124 0x00000228707d3388 code [0x00000228707d34c0, 0x00000228707d36b0]
Event: 1198.383 Thread 0x00000228071b0690 2125       3       java.io.WinNTFileSystem::getBooleanAttributes (6 bytes)
Event: 1198.383 Thread 0x00000228071b0690 nmethod 2125 0x00000228707d3708 code [0x00000228707d3820, 0x00000228707d3958]
Event: 1228.436 Thread 0x00000228071b0690 2126       3       jdk.internal.loader.URLClassPath$FileLoader::findResource (18 bytes)
Event: 1228.436 Thread 0x00000228071b0690 nmethod 2126 0x00000228707d3a08 code [0x00000228707d3b40, 0x00000228707d3dc0]
Event: 1273.492 Thread 0x00000228071b0690 2127   !   3       com.mysql.cj.jdbc.AbandonedConnectionCleanupThread::checkThreadContextClassLoader (20 bytes)
Event: 1273.492 Thread 0x00000228071b0690 nmethod 2127 0x00000228707d3e08 code [0x00000228707d3f80, 0x00000228707d45e0]
Event: 1383.655 Thread 0x00000228071b0690 2128       3       sun.net.util.IPAddressUtil::scan (62 bytes)
Event: 1383.655 Thread 0x00000228071b0690 nmethod 2128 0x00000228707d4688 code [0x00000228707d4840, 0x00000228707d50e8]
Event: 1423.709 Thread 0x00000228071b0690 2129       3       java.util.concurrent.locks.AbstractQueuedSynchronizer$Node::setStatusRelaxed (12 bytes)
Event: 1423.709 Thread 0x00000228071b0690 nmethod 2129 0x00000228707d5188 code [0x00000228707d52a0, 0x00000228707d53b8]
Event: 1463.765 Thread 0x00000228071b0690 2130       3       sun.net.util.IPAddressUtil::checkAuth (45 bytes)
Event: 1463.765 Thread 0x00000228071b0690 nmethod 2130 0x00000228707d5488 code [0x00000228707d56a0, 0x00000228707d6138]

GC Heap History (2 events):
Event: 1.463 GC heap before
{Heap before GC invocations=0 (full 0):
 garbage-first heap   total reserved 4128768K, committed 258048K, used 24576K [0x0000000704000000, 0x0000000800000000)
  region size 2048K, 12 young (24576K), 0 survivors (0K)
 Metaspace       used 17391K, committed 17600K, reserved 1114112K
  class space    used 2073K, committed 2176K, reserved 1048576K
}
Event: 1.472 GC heap after
{Heap after GC invocations=1 (full 0):
 garbage-first heap   total reserved 4128768K, committed 258048K, used 5581K [0x0000000704000000, 0x0000000800000000)
  region size 2048K, 2 young (4096K), 2 survivors (4096K)
 Metaspace       used 17391K, committed 17600K, reserved 1114112K
  class space    used 2073K, committed 2176K, reserved 1048576K
}

Dll operation events (13 events):
Event: 0.011 Loaded shared library C:\Program Files\Java\jdk-23\bin\java.dll
Event: 0.048 Loaded shared library C:\Program Files\Java\jdk-23\bin\jsvml.dll
Event: 0.086 Loaded shared library C:\Program Files\Java\jdk-23\bin\net.dll
Event: 0.088 Loaded shared library C:\Program Files\Java\jdk-23\bin\nio.dll
Event: 0.115 Loaded shared library C:\Program Files\Java\jdk-23\bin\zip.dll
Event: 0.132 Loaded shared library C:\Program Files\Java\jdk-23\bin\jimage.dll
Event: 0.149 Loaded shared library C:\Program Files\Java\jdk-23\bin\awt.dll
Event: 0.653 Loaded shared library C:\Program Files\Java\jdk-23\bin\extnet.dll
Event: 0.946 Loaded shared library C:\Program Files\Java\jdk-23\bin\sunmscapi.dll
Event: 1.241 Loaded shared library C:\Program Files\Java\jdk-23\bin\verify.dll
Event: 1.322 Loaded shared library C:\Program Files\Java\jdk-23\bin\freetype.dll
Event: 1.323 Loaded shared library C:\Program Files\Java\jdk-23\bin\fontmanager.dll
Event: 1.500 Loaded shared library C:\Program Files\Java\jdk-23\bin\javajpeg.dll

Deoptimization events (20 events):
Event: 1.496 Thread 0x000002284e861f50 Uncommon trap: trap_request=0xffffffde fr.pc=0x000002287800dd98 relative=0x0000000000001418
Event: 1.496 Thread 0x000002284e861f50 Uncommon trap: reason=class_check action=maybe_recompile pc=0x000002287800dd98 method=java.util.Properties$LineReader.readLine()I @ 479 c2
Event: 1.496 Thread 0x000002284e861f50 DEOPT PACKING pc=0x000002287800dd98 sp=0x00000083217fded0
Event: 1.496 Thread 0x000002284e861f50 DEOPT UNPACKING pc=0x0000022877a87982 sp=0x00000083217fde70 mode 2
Event: 1.496 Thread 0x000002284e861f50 Uncommon trap: trap_request=0xffffffc6 fr.pc=0x000002287800ddec relative=0x000000000000146c
Event: 1.496 Thread 0x000002284e861f50 Uncommon trap: reason=bimorphic_or_optimized_type_check action=maybe_recompile pc=0x000002287800ddec method=java.util.Properties$LineReader.readLine()I @ 70 c2
Event: 1.496 Thread 0x000002284e861f50 DEOPT PACKING pc=0x000002287800ddec sp=0x00000083217fded0
Event: 1.496 Thread 0x000002284e861f50 DEOPT UNPACKING pc=0x0000022877a87982 sp=0x00000083217fde70 mode 2
Event: 1.498 Thread 0x000002284e861f50 Uncommon trap: trap_request=0xffffff45 fr.pc=0x00000228780375d8 relative=0x0000000000000738
Event: 1.499 Thread 0x000002284e861f50 Uncommon trap: reason=unstable_if action=reinterpret pc=0x00000228780375d8 method=java.lang.ref.SoftReference.get()Ljava/lang/Object; @ 17 c2
Event: 1.499 Thread 0x000002284e861f50 DEOPT PACKING pc=0x00000228780375d8 sp=0x00000083217fe730
Event: 1.499 Thread 0x000002284e861f50 DEOPT UNPACKING pc=0x0000022877a87982 sp=0x00000083217fe578 mode 2
Event: 1.692 Thread 0x000002284f06cb30 Uncommon trap: trap_request=0xffffff45 fr.pc=0x0000022878047e80 relative=0x00000000000023e0
Event: 1.692 Thread 0x000002284f06cb30 Uncommon trap: reason=unstable_if action=reinterpret pc=0x0000022878047e80 method=java.lang.ref.SoftReference.get()Ljava/lang/Object; @ 17 c2
Event: 1.692 Thread 0x000002284f06cb30 DEOPT PACKING pc=0x0000022878047e80 sp=0x0000008320ffde20
Event: 1.692 Thread 0x000002284f06cb30 DEOPT UNPACKING pc=0x0000022877a87982 sp=0x0000008320ffdac8 mode 2
Event: 1.692 Thread 0x000002284f06cb30 Uncommon trap: trap_request=0xffffff45 fr.pc=0x000002287804bbf8 relative=0x0000000000000258
Event: 1.692 Thread 0x000002284f06cb30 Uncommon trap: reason=unstable_if action=reinterpret pc=0x000002287804bbf8 method=java.lang.ref.SoftReference.get()Ljava/lang/Object; @ 17 c2
Event: 1.692 Thread 0x000002284f06cb30 DEOPT PACKING pc=0x000002287804bbf8 sp=0x0000008320ffdda0
Event: 1.692 Thread 0x000002284f06cb30 DEOPT UNPACKING pc=0x0000022877a87982 sp=0x0000008320ffdcf0 mode 2

Classes loaded (20 events):
Event: 1.704 Loading class java/text/AttributedCharacterIterator done
Event: 1.704 Loading class java/text/AttributedString$AttributedStringIterator done
Event: 1.704 Loading class javax/swing/TimerQueue
Event: 1.704 Loading class javax/swing/TimerQueue done
Event: 1.704 Loading class java/util/concurrent/DelayQueue
Event: 1.704 Loading class java/util/concurrent/DelayQueue done
Event: 1.705 Loading class java/util/PriorityQueue
Event: 1.705 Loading class java/util/PriorityQueue done
Event: 1.706 Loading class javax/swing/TimerQueue$DelayedTimer
Event: 1.706 Loading class java/util/concurrent/Delayed
Event: 1.706 Loading class java/util/concurrent/Delayed done
Event: 1.706 Loading class javax/swing/TimerQueue$DelayedTimer done
Event: 1.707 Loading class java/awt/TextComponent
Event: 1.707 Loading class java/awt/TextComponent done
Event: 2.212 Loading class javax/swing/Timer$1
Event: 2.212 Loading class javax/swing/Timer$1 done
Event: 3.979 Loading class java/awt/KeyboardFocusManager$2
Event: 3.979 Loading class java/awt/KeyboardFocusManager$2 done
Event: 3.979 Loading class sun/awt/SunToolkit$1
Event: 3.979 Loading class sun/awt/SunToolkit$1 done

Classes unloaded (0 events):
No events

Classes redefined (0 events):
No events

Internal exceptions (20 events):
Event: 0.165 Thread 0x0000022867dc96e0 Exception <a 'java/io/FileNotFoundException'{0x00000007139083b8}> (0x00000007139083b8) 
thrown [s\open\src\hotspot\share\prims\jni.cpp, line 520]
Event: 0.171 Thread 0x0000022867dc96e0 Exception <a 'java/io/FileNotFoundException'{0x0000000713936938}> (0x0000000713936938) 
thrown [s\open\src\hotspot\share\prims\jni.cpp, line 520]
Event: 0.257 Thread 0x0000022867dc96e0 Exception <a 'java/lang/NoSuchMethodError'{0x00000007139d08c0}: 'void java.lang.invoke.DirectMethodHandle$Holder.invokeSpecial(java.lang.Object, java.lang.Object, java.lang.Object)'> (0x00000007139d08c0) 
thrown [s\open\src\hotspot\share\interpreter\linkResolver.cpp, line 796]
Event: 0.275 Thread 0x0000022867dc96e0 Exception <a 'java/lang/NoSuchMethodError'{0x0000000713716090}: 'java.lang.Object java.lang.invoke.DirectMethodHandle$Holder.invokeStatic(java.lang.Object, int, java.lang.Object)'> (0x0000000713716090) 
thrown [s\open\src\hotspot\share\interpreter\linkResolver.cpp, line 796]
Event: 0.306 Thread 0x0000022867dc96e0 Exception <a 'java/lang/ClassNotFoundException'{0x00000007137bce08}: com/sun/swing/internal/plaf/metal/resources/spi/metalProvider> (0x00000007137bce08) 
thrown [s\open\src\hotspot\share\classfile\systemDictionary.cpp, line 313]
Event: 0.308 Thread 0x0000022867dc96e0 Exception <a 'java/lang/ClassNotFoundException'{0x00000007137c0e18}: com/sun/swing/internal/plaf/basic/resources/spi/basicProvider> (0x00000007137c0e18) 
thrown [s\open\src\hotspot\share\classfile\systemDictionary.cpp, line 313]
Event: 0.324 Thread 0x0000022867dc96e0 Exception <a 'java/lang/NoSuchMethodError'{0x00000007137e0780}: 'int java.lang.invoke.Invokers$Holder.invokeExact_MT(java.lang.Object, java.lang.Object)'> (0x00000007137e0780) 
thrown [s\open\src\hotspot\share\interpreter\linkResolver.cpp, line 796]
Event: 0.379 Thread 0x0000022867dc96e0 Exception <a 'java/lang/NoSuchMethodError'{0x000000071342ba88}: 'void java.lang.invoke.DirectMethodHandle$Holder.invokeStatic(java.lang.Object, java.lang.Object)'> (0x000000071342ba88) 
thrown [s\open\src\hotspot\share\interpreter\linkResolver.cpp, line 796]
Event: 0.447 Thread 0x0000022867dc96e0 Exception <a 'java/lang/NoSuchMethodError'{0x000000071356af08}: 'java.lang.Object java.lang.invoke.DirectMethodHandle$Holder.invokeInterface(java.lang.Object, java.lang.Object)'> (0x000000071356af08) 
thrown [s\open\src\hotspot\share\interpreter\linkResolver.cpp, line 796]
Event: 0.485 Thread 0x0000022867dc96e0 Exception <a 'java/lang/NoSuchMethodError'{0x00000007135f9228}: 'java.lang.Object java.lang.invoke.DirectMethodHandle$Holder.invokeVirtual(java.lang.Object, java.lang.Object, java.lang.Object)'> (0x00000007135f9228) 
thrown [s\open\src\hotspot\share\interpreter\linkResolver.cpp, line 796]
Event: 0.763 Thread 0x0000022867dc96e0 Exception <a 'java/lang/NoSuchMethodError'{0x0000000712ffdd88}: 'void java.lang.invoke.DirectMethodHandle$Holder.invokeStaticInit(java.lang.Object, java.lang.Object)'> (0x0000000712ffdd88) 
thrown [s\open\src\hotspot\share\interpreter\linkResolver.cpp, line 796]
Event: 0.844 Thread 0x0000022867dc96e0 Exception <a 'sun/nio/fs/WindowsException'{0x0000000712d2e500}> (0x0000000712d2e500) 
thrown [s\open\src\hotspot\share\prims\jni.cpp, line 520]
Event: 0.889 Thread 0x0000022867dc96e0 Exception <a 'java/lang/NoSuchMethodError'{0x0000000712dd56b8}: 'java.lang.Object java.lang.invoke.DirectMethodHandle$Holder.invokeStaticInit(java.lang.Object, int, int, int, int)'> (0x0000000712dd56b8) 
thrown [s\open\src\hotspot\share\interpreter\linkResolver.cpp, line 796]
Event: 0.925 Thread 0x0000022867dc96e0 Exception <a 'java/lang/NoSuchMethodError'{0x0000000712a92640}: 'java.lang.Object java.lang.invoke.DirectMethodHandle$Holder.invokeStaticInit(java.lang.Object, java.lang.Object, int, int, int, int)'> (0x0000000712a92640) 
thrown [s\open\src\hotspot\share\interpreter\linkResolver.cpp, line 796]
Event: 0.975 Thread 0x0000022867dc96e0 Exception <a 'java/lang/NoSuchMethodError'{0x0000000712b10310}: 'int java.lang.invoke.DirectMethodHandle$Holder.invokeSpecial(java.lang.Object, java.lang.Object, java.lang.Object)'> (0x0000000712b10310) 
thrown [s\open\src\hotspot\share\interpreter\linkResolver.cpp, line 796]
Event: 1.079 Thread 0x0000022867dc96e0 Exception <a 'java/lang/NoSuchMethodError'{0x0000000712b73de0}: 'void java.lang.invoke.DirectMethodHandle$Holder.invokeVirtual(java.lang.Object, java.lang.Object)'> (0x0000000712b73de0) 
thrown [s\open\src\hotspot\share\interpreter\linkResolver.cpp, line 796]
Event: 1.149 Thread 0x0000022867dc96e0 Exception <a 'java/lang/NoSuchMethodError'{0x0000000712865f88}: 'void java.lang.invoke.DirectMethodHandle$Holder.invokeStatic(java.lang.Object, java.lang.Object, java.lang.Object, java.lang.Object)'> (0x0000000712865f88) 
thrown [s\open\src\hotspot\share\interpreter\linkResolver.cpp, line 796]
Event: 1.171 Thread 0x0000022867dc96e0 Exception <a 'java/lang/NoSuchMethodError'{0x00000007128cbdd8}: 'void java.lang.invoke.DirectMethodHandle$Holder.invokeInterface(java.lang.Object, java.lang.Object, java.lang.Object, java.lang.Object)'> (0x00000007128cbdd8) 
thrown [s\open\src\hotspot\share\interpreter\linkResolver.cpp, line 796]
Event: 1.486 Thread 0x000002284e861f50 Exception <a 'java/lang/NoSuchMethodError'{0x0000000713b27b60}: 'java.lang.Object java.lang.invoke.DirectMethodHandle$Holder.newInvokeSpecial(java.lang.Object, java.lang.Object, java.lang.Object, int, int, int, int, int)'> (0x0000000713b27b60) 
thrown [s\open\src\hotspot\share\interpreter\linkResolver.cpp, line 796]
Event: 1.549 Thread 0x0000022867dc96e0 Exception <a 'java/lang/NoSuchMethodError'{0x0000000713a2e230}: 'void java.lang.invoke.DirectMethodHandle$Holder.invokeStaticInit(java.lang.Object)'> (0x0000000713a2e230) 
thrown [s\open\src\hotspot\share\interpreter\linkResolver.cpp, line 796]

VM Operations (20 events):
Event: 1.271 Executing VM operation: HandshakeAllThreads (Deoptimize)
Event: 1.271 Executing VM operation: HandshakeAllThreads (Deoptimize) done
Event: 1.348 Executing VM operation: HandshakeAllThreads (Deoptimize)
Event: 1.348 Executing VM operation: HandshakeAllThreads (Deoptimize) done
Event: 1.463 Executing VM operation: G1CollectForAllocation (G1 Evacuation Pause)
Event: 1.472 Executing VM operation: G1CollectForAllocation (G1 Evacuation Pause) done
Event: 1.499 Executing VM operation: HandshakeAllThreads (Deoptimize)
Event: 1.499 Executing VM operation: HandshakeAllThreads (Deoptimize) done
Event: 1.514 Executing VM operation: HandshakeAllThreads (Deoptimize)
Event: 1.515 Executing VM operation: HandshakeAllThreads (Deoptimize) done
Event: 1.537 Executing VM operation: HandshakeAllThreads (Deoptimize)
Event: 1.537 Executing VM operation: HandshakeAllThreads (Deoptimize) done
Event: 1.633 Executing VM operation: HandshakeAllThreads (Deoptimize)
Event: 1.634 Executing VM operation: HandshakeAllThreads (Deoptimize) done
Event: 1.642 Executing VM operation: HandshakeAllThreads (Deoptimize)
Event: 1.642 Executing VM operation: HandshakeAllThreads (Deoptimize) done
Event: 60.115 Executing VM operation: HandshakeAllThreads (HandshakeForDeflation)
Event: 60.115 Executing VM operation: HandshakeAllThreads (HandshakeForDeflation) done
Event: 60.115 Executing VM operation: RendezvousGCThreads
Event: 60.115 Executing VM operation: RendezvousGCThreads done

Memory protections (0 events):
No events

Nmethod flushes (0 events):
No events

Events (20 events):
Event: 0.072 Thread 0x0000022867dc96e0 Thread added: 0x00000228072b7250
Event: 0.103 Thread 0x00000228071b0690 Thread added: 0x00000228071af8f0
Event: 0.106 Thread 0x0000022867dc96e0 Thread added: 0x000002280746ad50
Event: 0.222 Thread 0x0000022867dc96e0 Thread added: 0x00000228075c14f0
Event: 0.223 Thread 0x0000022867dc96e0 Thread added: 0x00000228075c4620
Event: 0.224 Thread 0x0000022867dc96e0 Thread added: 0x00000228075c8670
Event: 0.384 Thread 0x0000022867dc96e0 Thread added: 0x000002284d053ca0
Event: 0.636 Thread 0x00000228071af8f0 Thread exited: 0x00000228071af8f0
Event: 0.882 Thread 0x00000228071b0690 Thread added: 0x00000228071b28a0
Event: 1.038 Thread 0x00000228071b28a0 Thread added: 0x00000228071b0d60
Event: 1.239 Thread 0x00000228075c4620 Thread exited: 0x00000228075c4620
Event: 1.370 Thread 0x0000022867dc96e0 Thread added: 0x000002284f06c4c0
Event: 1.370 Thread 0x0000022867dc96e0 Thread added: 0x000002284f06cb30
Event: 1.481 Thread 0x0000022867dc96e0 Thread added: 0x000002284e861f50
Event: 1.635 Thread 0x0000022867dc96e0 Thread exited: 0x0000022867dc96e0
Event: 1.635 Thread 0x0000022867dc96e0 Thread added: 0x0000022867dc96e0
Event: 1.647 Thread 0x00000228071b0d60 Thread exited: 0x00000228071b0d60
Event: 1.706 Thread 0x000002284f06cb30 Thread added: 0x000002284e8dc260
Event: 2.213 Thread 0x00000228071b28a0 Thread exited: 0x00000228071b28a0
Event: 6.539 Thread 0x000002284e861f50 Thread exited: 0x000002284e861f50


Dynamic libraries:
0x00007ff61c3a0000 - 0x00007ff61c3b0000 	C:\Program Files\Java\jdk-23\bin\java.exe
0x00007ffbefde0000 - 0x00007ffbf0040000 	C:\WINDOWS\SYSTEM32\ntdll.dll
0x00007ffbef110000 - 0x00007ffbef1d7000 	C:\WINDOWS\System32\KERNEL32.DLL
0x00007ffbed340000 - 0x00007ffbed70a000 	C:\WINDOWS\System32\KERNELBASE.dll
0x00007ffbed880000 - 0x00007ffbed9cb000 	C:\WINDOWS\System32\ucrtbase.dll
0x00007ffbd8de0000 - 0x00007ffbd8dfb000 	C:\Program Files\Java\jdk-23\bin\VCRUNTIME140.dll
0x00007ffbe9a70000 - 0x00007ffbe9a87000 	C:\Program Files\Java\jdk-23\bin\jli.dll
0x00007ffbefb00000 - 0x00007ffbefccc000 	C:\WINDOWS\System32\USER32.dll
0x00007ffbd3d70000 - 0x00007ffbd4007000 	C:\WINDOWS\WinSxS\amd64_microsoft.windows.common-controls_6595b64144ccf1df_6.0.26100.3624_none_3e086962e3345f24\COMCTL32.dll
0x00007ffbed070000 - 0x00007ffbed097000 	C:\WINDOWS\System32\win32u.dll
0x00007ffbee2f0000 - 0x00007ffbee399000 	C:\WINDOWS\System32\msvcrt.dll
0x00007ffbeebc0000 - 0x00007ffbeebea000 	C:\WINDOWS\System32\GDI32.dll
0x00007ffbed0a0000 - 0x00007ffbed1d1000 	C:\WINDOWS\System32\gdi32full.dll
0x00007ffbecfc0000 - 0x00007ffbed063000 	C:\WINDOWS\System32\msvcp_win.dll
0x00007ffbee100000 - 0x00007ffbee12f000 	C:\WINDOWS\System32\IMM32.DLL
0x00007ffbd8f90000 - 0x00007ffbd8f9c000 	C:\Program Files\Java\jdk-23\bin\vcruntime140_1.dll
0x00007ffba7940000 - 0x00007ffba79ce000 	C:\Program Files\Java\jdk-23\bin\msvcp140.dll
0x00007ffb9f220000 - 0x00007ffb9ff6f000 	C:\Program Files\Java\jdk-23\bin\server\jvm.dll
0x00007ffbefcd0000 - 0x00007ffbefd82000 	C:\WINDOWS\System32\ADVAPI32.dll
0x00007ffbefa50000 - 0x00007ffbefaf6000 	C:\WINDOWS\System32\sechost.dll
0x00007ffbef410000 - 0x00007ffbef526000 	C:\WINDOWS\System32\RPCRT4.dll
0x00007ffbef9c0000 - 0x00007ffbefa34000 	C:\WINDOWS\System32\WS2_32.dll
0x00007ffbece10000 - 0x00007ffbece6e000 	C:\WINDOWS\SYSTEM32\POWRPROF.dll
0x00007ffbdf970000 - 0x00007ffbdf9a6000 	C:\WINDOWS\SYSTEM32\WINMM.dll
0x00007ffbe3200000 - 0x00007ffbe320b000 	C:\WINDOWS\SYSTEM32\VERSION.dll
0x00007ffbecdf0000 - 0x00007ffbece04000 	C:\WINDOWS\SYSTEM32\UMPDC.dll
0x00007ffbebdd0000 - 0x00007ffbebdea000 	C:\WINDOWS\SYSTEM32\kernel.appcore.dll
0x00007ffbd8dd0000 - 0x00007ffbd8dda000 	C:\Program Files\Java\jdk-23\bin\jimage.dll
0x00007ffbea730000 - 0x00007ffbea971000 	C:\WINDOWS\SYSTEM32\DBGHELP.DLL
0x00007ffbeed80000 - 0x00007ffbef102000 	C:\WINDOWS\System32\combase.dll
0x00007ffbef1e0000 - 0x00007ffbef2b6000 	C:\WINDOWS\System32\OLEAUT32.dll
0x00007ffbcde00000 - 0x00007ffbcde39000 	C:\WINDOWS\SYSTEM32\dbgcore.DLL
0x00007ffbed1e0000 - 0x00007ffbed279000 	C:\WINDOWS\System32\bcryptPrimitives.dll
0x00007ffbd7220000 - 0x00007ffbd723e000 	C:\Program Files\Java\jdk-23\bin\java.dll
0x00007ffbee140000 - 0x00007ffbee2d6000 	C:\WINDOWS\System32\ole32.dll
0x00007ffbee3a0000 - 0x00007ffbeeac9000 	C:\WINDOWS\System32\SHELL32.dll
0x00007ffbed710000 - 0x00007ffbed878000 	C:\WINDOWS\System32\wintypes.dll
0x00007ffbeac30000 - 0x00007ffbeb482000 	C:\WINDOWS\SYSTEM32\windows.storage.dll
0x00007ffbef2c0000 - 0x00007ffbef3ad000 	C:\WINDOWS\System32\SHCORE.dll
0x00007ffbeead0000 - 0x00007ffbeeb34000 	C:\WINDOWS\System32\shlwapi.dll
0x00007ffbeced0000 - 0x00007ffbeceff000 	C:\WINDOWS\SYSTEM32\profapi.dll
0x00007ffb840d0000 - 0x00007ffb841a7000 	C:\Program Files\Java\jdk-23\bin\jsvml.dll
0x00007ffbd8d90000 - 0x00007ffbd8da0000 	C:\Program Files\Java\jdk-23\bin\net.dll
0x00007ffbec2f0000 - 0x00007ffbec35a000 	C:\WINDOWS\system32\mswsock.dll
0x00007ffbd6d70000 - 0x00007ffbd6d86000 	C:\Program Files\Java\jdk-23\bin\nio.dll
0x00007ffbaeed0000 - 0x00007ffbaeee7000 	C:\Program Files\Java\jdk-23\bin\zip.dll
0x00007ffb75b50000 - 0x00007ffb75cde000 	C:\Program Files\Java\jdk-23\bin\awt.dll
0x00007ffbe98e0000 - 0x00007ffbe997c000 	C:\WINDOWS\SYSTEM32\apphelp.dll
0x00007ffbe9f70000 - 0x00007ffbe9fa6000 	C:\WINDOWS\system32\DWMAPI.DLL
0x00007ffbe9bd0000 - 0x00007ffbe9c7e000 	C:\WINDOWS\system32\uxtheme.dll
0x00007ffbd3060000 - 0x00007ffbd316c000 	C:\WINDOWS\system32\opengl32.dll
0x00007ffbd74c0000 - 0x00007ffbd74ed000 	C:\WINDOWS\SYSTEM32\GLU32.dll
0x00007ffbe9da0000 - 0x00007ffbe9de7000 	C:\WINDOWS\SYSTEM32\dxcore.dll
0x00007ffbede10000 - 0x00007ffbedf6d000 	C:\WINDOWS\System32\MSCTF.dll
0x00007ffbeb850000 - 0x00007ffbeb975000 	C:\WINDOWS\SYSTEM32\DNSAPI.dll
0x00007ffbeb810000 - 0x00007ffbeb843000 	C:\WINDOWS\SYSTEM32\IPHLPAPI.DLL
0x00007ffbee2e0000 - 0x00007ffbee2ea000 	C:\WINDOWS\System32\NSI.dll
0x00007ffbe3860000 - 0x00007ffbe386b000 	C:\Windows\System32\rasadhlp.dll
0x00007ffbe43f0000 - 0x00007ffbe4475000 	C:\WINDOWS\System32\fwpuclnt.dll
0x00007ffbd6d60000 - 0x00007ffbd6d69000 	C:\Program Files\Java\jdk-23\bin\extnet.dll
0x00007ffbec590000 - 0x00007ffbec5ac000 	C:\WINDOWS\SYSTEM32\CRYPTSP.dll
0x00007ffbebd30000 - 0x00007ffbebd6a000 	C:\WINDOWS\system32\rsaenh.dll
0x00007ffbec390000 - 0x00007ffbec3bb000 	C:\WINDOWS\SYSTEM32\USERENV.dll
0x00007ffbecea0000 - 0x00007ffbecec6000 	C:\WINDOWS\SYSTEM32\bcrypt.dll
0x00007ffbec5b0000 - 0x00007ffbec5bc000 	C:\WINDOWS\SYSTEM32\CRYPTBASE.dll
0x00007ffbd8f70000 - 0x00007ffbd8f7e000 	C:\Program Files\Java\jdk-23\bin\sunmscapi.dll
0x00007ffbeda60000 - 0x00007ffbedbd7000 	C:\WINDOWS\System32\CRYPT32.dll
0x00007ffbec790000 - 0x00007ffbec7c0000 	C:\WINDOWS\SYSTEM32\ncrypt.dll
0x00007ffbec740000 - 0x00007ffbec77f000 	C:\WINDOWS\SYSTEM32\NTASN1.dll
0x00007ffbd7320000 - 0x00007ffbd7330000 	C:\Program Files\Java\jdk-23\bin\verify.dll
0x00007ffba7770000 - 0x00007ffba77f7000 	C:\Program Files\Java\jdk-23\bin\freetype.dll
0x00007ffb74a80000 - 0x00007ffb74b57000 	C:\Program Files\Java\jdk-23\bin\fontmanager.dll
0x00007ffbd8f40000 - 0x00007ffbd8f6e000 	C:\Program Files\Java\jdk-23\bin\javajpeg.dll
0x00007ffbeec70000 - 0x00007ffbeed18000 	C:\WINDOWS\System32\clbcatq.dll
0x00007ffbe7f10000 - 0x00007ffbe813e000 	C:\WINDOWS\SYSTEM32\WindowsCodecs.dll
0x00007ffbbe6f0000 - 0x00007ffbbe74a000 	C:\WINDOWS\system32\dataexchange.dll
0x00007ffbda170000 - 0x00007ffbda3ab000 	C:\WINDOWS\system32\twinapi.appcore.dll
0x00007ffbd5260000 - 0x00007ffbd53a9000 	C:\WINDOWS\SYSTEM32\textinputframework.dll
0x00007ffbe9340000 - 0x00007ffbe9466000 	C:\WINDOWS\SYSTEM32\CoreMessaging.dll
0x00007ffbe1800000 - 0x00007ffbe1ae3000 	C:\WINDOWS\SYSTEM32\CoreUIComponents.dll

dbghelp: loaded successfully - version: 4.0.5 - missing functions: none
symbol engine: initialized successfully - sym options: 0x614 - pdb path: .;C:\Program Files\Java\jdk-23\bin;C:\WINDOWS\SYSTEM32;C:\WINDOWS\WinSxS\amd64_microsoft.windows.common-controls_6595b64144ccf1df_6.0.26100.3624_none_3e086962e3345f24;C:\Program Files\Java\jdk-23\bin\server

VM Arguments:
jvm_args: -Dfile.encoding=UTF-8 --module-path=C:\Users\kanis\OneDrive\Documents\NetBeansProjects\AirlineManagementSystem\build\classes 
java_command: airlinemanagementsystem.BoardingPass
java_class_path (initial): C:\Users\kanis\Downloads\mysql-connector-j-9.2.0\mysql-connector-j-9.2.0\mysql-connector-j-9.2.0.jar;C:\Users\kanis\Downloads\rs2xml.jar;C:\Users\kanis\Downloads\jcalendar-tz-1.3.3-4.jar;C:\Users\kanis\OneDrive\Documents\NetBeansProjects\AirlineManagementSystem\build\classes
Launcher Type: SUN_STANDARD

[Global flags]
     intx CICompilerCount                          = 4                                         {product} {ergonomic}
     uint ConcGCThreads                            = 2                                         {product} {ergonomic}
     uint G1ConcRefinementThreads                  = 8                                         {product} {ergonomic}
   size_t G1HeapRegionSize                         = 2097152                                   {product} {ergonomic}
   size_t InitialHeapSize                          = 264241152                                 {product} {ergonomic}
   size_t MarkStackSize                            = 4194304                                   {product} {ergonomic}
   size_t MarkStackSizeMax                         = 536870912                                 {product} {ergonomic}
   size_t MaxHeapSize                              = 4227858432                                {product} {ergonomic}
   size_t MaxNewSize                               = 2535456768                                {product} {ergonomic}
   size_t MinHeapDeltaBytes                        = 2097152                                   {product} {ergonomic}
   size_t MinHeapSize                              = 8388608                                   {product} {ergonomic}
    uintx NonNMethodCodeHeapSize                   = 5832704                                {pd product} {ergonomic}
    uintx NonProfiledCodeHeapSize                  = 122945536                              {pd product} {ergonomic}
    uintx ProfiledCodeHeapSize                     = 122880000                              {pd product} {ergonomic}
    uintx ReservedCodeCacheSize                    = 251658240                              {pd product} {ergonomic}
     bool SegmentedCodeCache                       = true                                      {product} {ergonomic}
   size_t SoftMaxHeapSize                          = 4227858432                             {manageable} {ergonomic}
     bool UseCompressedOops                        = true                           {product lp64_product} {ergonomic}
     bool UseG1GC                                  = true                                      {product} {ergonomic}
     bool UseLargePagesIndividualAllocation        = false                                  {pd product} {ergonomic}

Logging:
Log output configuration:
 #0: stdout all=warning uptime,level,tags foldmultilines=false
 #1: stderr all=off uptime,level,tags foldmultilines=false

Environment Variables:
PATH=C:\Program Files\Common Files\Oracle\Java\javapath;C:\Program Files (x86)\Common Files\Oracle\Java\java8path;C:\Program Files (x86)\Common Files\Oracle\Java\javapath;C:\Program Files\Python312\Scripts\;C:\Program Files\Python312\;C:\WINDOWS\system32;C:\WINDOWS;C:\WINDOWS\System32\Wbem;C:\WINDOWS\System32\WindowsPowerShell\v1.0\;C:\WINDOWS\System32\OpenSSH\;C:\Program Files\dotnet\;C:\MinGW\bin;C:\Program Files\Java\jdk-18.0.2\bin;C:\Program Files\Git\cmd;C:\Program Files\Git\mingw64\bin;C:\Program Files\Git\usr\bin;C:\ProgramData\chocolatey\bin;C:\Users\kanis\AppData\Roaming\npm;C:\Users\kanis\.cargo\bin\rustc.exe;C:\Program Files\Java\jdk-23\bin;C:\Program Files\PostgreSQL\17\bin;C:\Program Files\nodejs\;C:\Users\kanis\Downloads\apache-maven-3.9.9\bin;C:\Program Files\MySQL\MySQL Shell 8.0\bin\;C:\Users\kanis\.cargo\bin;C:\Users\kanis\AppData\Local\Microsoft\WindowsApps;;C:\Users\kanis\AppData\Local\Programs\Microsoft VS Code\bin;C:\Users\kanis\AppData\Local\Microsoft\WinGet\Packages\Schniz.fnm_Microsoft.Winget.Source_8wekyb3d8bbwe;C:\Users\kanis\AppData\Roaming\npm
USERNAME=kanis
OS=Windows_NT
PROCESSOR_IDENTIFIER=Intel64 Family 6 Model 140 Stepping 2, GenuineIntel
TMP=C:\Users\kanis\AppData\Local\Temp
TEMP=C:\Users\kanis\AppData\Local\Temp




Periodic native trim disabled

---------------  S Y S T E M  ---------------

OS:
 Windows 11 , 64 bit Build 26100 (10.0.26100.3775)
OS uptime: 4 days 17:39 hours
Hyper-V role detected

CPU: total 8 (initial active 8) (4 cores per cpu, 2 threads per core) family 6 model 140 stepping 2 microcode 0x16, cx8, cmov, fxsr, ht, mmx, 3dnowpref, sse, sse2, sse3, ssse3, sse4.1, sse4.2, popcnt, lzcnt, tsc, tscinvbit, avx, avx2, aes, erms, clmul, bmi1, bmi2, adx, avx512f, avx512dq, avx512cd, avx512bw, avx512vl, sha, fma, vzeroupper, avx512_vpopcntdq, avx512_vpclmulqdq, avx512_vaes, avx512_vnni, clflush, clflushopt, clwb, avx512_vbmi2, avx512_vbmi, hv, rdtscp, rdpid, fsrm, gfni, avx512_bitalg, f16c, cet_ibt, cet_ss, avx512_ifma
Processor Information for the first 8 processors :
  Max Mhz: 2496, Current Mhz: 2496, Mhz Limit: 2496

Memory: 4k page, system-wide physical 16126M (3133M free)
TotalPageFile size 20693M (AvailPageFile size 3712M)
current process WorkingSet (physical memory assigned to process): 118M, peak: 137M
current process commit charge ("private bytes"): 372M, peak: 392M

vm_info: Java HotSpot(TM) 64-Bit Server VM (23.0.1+11-39) for windows-amd64 JRE (23.0.1+11-39), built on 2024-09-30T07:20:43Z with MS VC++ 17.6 (VS2022)

END.
